INFO: [VRFC 10-2263] Analyzing Verilog file "C:/Users/abbas/Desktop/CA/CALab-Git-Saqib-Abbas/lab11/lab11.srcs/sources_1/imports/new/ALU_top.v" into library xil_defaultlib
INFO: [VRFC 10-311] analyzing module ALU_top
INFO: [VRFC 10-2263] Analyzing Verilog file "C:/Users/abbas/Desktop/CA/CALab-Git-Saqib-Abbas/lab11/lab11.srcs/sources_1/imports/new/DataMemory.v" into library xil_defaultlib
INFO: [VRFC 10-311] analyzing module DataMemory
INFO: [VRFC 10-2263] Analyzing Verilog file "C:/Users/abbas/Desktop/CA/CALab-Git-Saqib-Abbas/lab11/lab11.srcs/sources_1/imports/new/OneBitALU.v" into library xil_defaultlib
INFO: [VRFC 10-311] analyzing module ALU_1bit
INFO: [VRFC 10-2263] Analyzing Verilog file "C:/Users/abbas/Desktop/CA/CALab-Git-Saqib-Abbas/lab11/lab11.srcs/sources_1/new/ProgramCounter.v" into library xil_defaultlib
INFO: [VRFC 10-311] analyzing module ProgramCounter
INFO: [VRFC 10-2263] Analyzing Verilog file "C:/Users/abbas/Desktop/CA/CALab-Git-Saqib-Abbas/lab11/lab11.srcs/sources_1/imports/new/RegisterFile.v" into library xil_defaultlib
INFO: [VRFC 10-311] analyzing module RegisterFile
INFO: [VRFC 10-2263] Analyzing Verilog file "C:/Users/abbas/Desktop/CA/CALab-Git-Saqib-Abbas/lab11/lab11.srcs/sources_1/new/TopLevelProcessor.v" into library xil_defaultlib
INFO: [VRFC 10-311] analyzing module TopLevelProcessor
INFO: [VRFC 10-2263] Analyzing Verilog file "C:/Users/abbas/Desktop/CA/CALab-Git-Saqib-Abbas/lab11/lab11.srcs/sources_1/imports/new/alu_control.v" into library xil_defaultlib
INFO: [VRFC 10-311] analyzing module alu_control
INFO: [VRFC 10-2263] Analyzing Verilog file "C:/Users/abbas/Desktop/CA/CALab-Git-Saqib-Abbas/lab11/lab11.srcs/sources_1/new/branch_adder.v" into library xil_defaultlib
INFO: [VRFC 10-311] analyzing module branch_adder
INFO: [VRFC 10-2263] Analyzing Verilog file "C:/Users/abbas/Desktop/CA/CALab-Git-Saqib-Abbas/lab11/lab11.srcs/sources_1/imports/new/fullAdder.v" into library xil_defaultlib
INFO: [VRFC 10-311] analyzing module fullAdder
INFO: [VRFC 10-2263] Analyzing Verilog file "C:/Users/abbas/Desktop/CA/CALab-Git-Saqib-Abbas/lab11/lab11.srcs/sources_1/new/immGen.v" into library xil_defaultlib
INFO: [VRFC 10-311] analyzing module immGen
INFO: [VRFC 10-2263] Analyzing Verilog file "C:/Users/abbas/Desktop/CA/CALab-Git-Saqib-Abbas/lab11/lab11.srcs/sources_1/imports/Lab10-Git-Saqib-Abbas/instructionMemory.v" into library xil_defaultlib
INFO: [VRFC 10-311] analyzing module instructionMemory
INFO: [VRFC 10-2263] Analyzing Verilog file "C:/Users/abbas/Desktop/CA/CALab-Git-Saqib-Abbas/lab11/lab11.srcs/sources_1/imports/new/main_control.v" into library xil_defaultlib
INFO: [VRFC 10-311] analyzing module main_control
INFO: [VRFC 10-2263] Analyzing Verilog file "C:/Users/abbas/Desktop/CA/CALab-Git-Saqib-Abbas/lab11/lab11.srcs/sources_1/new/mmux2.v" into library xil_defaultlib
INFO: [VRFC 10-311] analyzing module mmux2
INFO: [VRFC 10-2263] Analyzing Verilog file "C:/Users/abbas/Desktop/CA/CALab-Git-Saqib-Abbas/lab11/lab11.srcs/sources_1/new/pcAdder.v" into library xil_defaultlib
INFO: [VRFC 10-311] analyzing module pcAdder
INFO: [VRFC 10-2263] Analyzing Verilog file "C:/Users/abbas/Desktop/CA/CALab-Git-Saqib-Abbas/lab11/lab11.srcs/sim_1/new/TopLevelProcessor_tb.v" into library xil_defaultlib
INFO: [VRFC 10-311] analyzing module TopLevelProcessor_tb
