
*** Running vivado
    with args -log TopLevelProcessor.vds -m64 -product Vivado -mode batch -messageDb vivado.pb -notrace -source TopLevelProcessor.tcl



****** Vivado v2020.1 (64-bit)
  **** SW Build 2902540 on Wed May 27 19:54:49 MDT 2020
  **** IP Build 2902112 on Wed May 27 22:43:36 MDT 2020
    ** Copyright 1986-2020 Xilinx, Inc. All Rights Reserved.

source TopLevelProcessor.tcl -notrace
Command: synth_design -top TopLevelProcessor -part xc7a35tcpg236-1
Starting synth_design
Attempting to get a license for feature 'Synthesis' and/or device 'xc7a35t'
INFO: [Common 17-349] Got license for feature 'Synthesis' and/or device 'xc7a35t'
INFO: [Device 21-403] Loading part xc7a35tcpg236-1
INFO: [Synth 8-7079] Multithreading enabled for synth_design using a maximum of 2 processes.
INFO: [Synth 8-7078] Launching helper process for spawning children vivado processes
INFO: [Synth 8-7075] Helper process launched with PID 4068
---------------------------------------------------------------------------------
Starting RTL Elaboration : Time (s): cpu = 00:00:03 ; elapsed = 00:00:03 . Memory (MB): peak = 1028.938 ; gain = 0.000
---------------------------------------------------------------------------------
INFO: [Synth 8-6157] synthesizing module 'TopLevelProcessor' [C:/Users/abbas/Desktop/CA/CALab-Git-Saqib-Abbas/lab11/lab11.srcs/sources_1/new/TopLevelProcessor.v:3]
INFO: [Synth 8-6157] synthesizing module 'ProgramCounter' [C:/Users/abbas/Desktop/CA/CALab-Git-Saqib-Abbas/lab11/lab11.srcs/sources_1/new/ProgramCounter.v:2]
INFO: [Synth 8-6155] done synthesizing module 'ProgramCounter' (1#1) [C:/Users/abbas/Desktop/CA/CALab-Git-Saqib-Abbas/lab11/lab11.srcs/sources_1/new/ProgramCounter.v:2]
INFO: [Synth 8-6157] synthesizing module 'pcAdder' [C:/Users/abbas/Desktop/CA/CALab-Git-Saqib-Abbas/lab11/lab11.srcs/sources_1/new/pcAdder.v:2]
INFO: [Synth 8-6155] done synthesizing module 'pcAdder' (2#1) [C:/Users/abbas/Desktop/CA/CALab-Git-Saqib-Abbas/lab11/lab11.srcs/sources_1/new/pcAdder.v:2]
INFO: [Synth 8-6157] synthesizing module 'instructionMemory' [C:/Users/abbas/Desktop/CA/CALab-Git-Saqib-Abbas/lab11/lab11.srcs/sources_1/imports/Lab10-Git-Saqib-Abbas/instructionMemory.v:3]
	Parameter OPERAND_LENGTH bound to: 31 - type: integer 
INFO: [Synth 8-6155] done synthesizing module 'instructionMemory' (3#1) [C:/Users/abbas/Desktop/CA/CALab-Git-Saqib-Abbas/lab11/lab11.srcs/sources_1/imports/Lab10-Git-Saqib-Abbas/instructionMemory.v:3]
INFO: [Synth 8-6157] synthesizing module 'main_control' [C:/Users/abbas/Desktop/CA/CALab-Git-Saqib-Abbas/lab11/lab11.srcs/sources_1/imports/new/main_control.v:3]
	Parameter R_TYPE bound to: 7'b0110011 
	Parameter I_ALU bound to: 7'b0010011 
	Parameter LOAD bound to: 7'b0000011 
	Parameter STORE bound to: 7'b0100011 
	Parameter BRANCH bound to: 7'b1100011 
INFO: [Synth 8-6155] done synthesizing module 'main_control' (4#1) [C:/Users/abbas/Desktop/CA/CALab-Git-Saqib-Abbas/lab11/lab11.srcs/sources_1/imports/new/main_control.v:3]
INFO: [Synth 8-6157] synthesizing module 'RegisterFile' [C:/Users/abbas/Desktop/CA/CALab-Git-Saqib-Abbas/lab11/lab11.srcs/sources_1/imports/new/RegisterFile.v:3]
INFO: [Synth 8-6155] done synthesizing module 'RegisterFile' (5#1) [C:/Users/abbas/Desktop/CA/CALab-Git-Saqib-Abbas/lab11/lab11.srcs/sources_1/imports/new/RegisterFile.v:3]
INFO: [Synth 8-6157] synthesizing module 'immGen' [C:/Users/abbas/Desktop/CA/CALab-Git-Saqib-Abbas/lab11/lab11.srcs/sources_1/new/immGen.v:2]
INFO: [Synth 8-6155] done synthesizing module 'immGen' (6#1) [C:/Users/abbas/Desktop/CA/CALab-Git-Saqib-Abbas/lab11/lab11.srcs/sources_1/new/immGen.v:2]
INFO: [Synth 8-6157] synthesizing module 'alu_control' [C:/Users/abbas/Desktop/CA/CALab-Git-Saqib-Abbas/lab11/lab11.srcs/sources_1/imports/new/alu_control.v:3]
	Parameter F3_ADD_SUB bound to: 3'b000 
	Parameter F3_SLL bound to: 3'b001 
	Parameter F3_SLT bound to: 3'b010 
	Parameter F3_SLTU bound to: 3'b011 
	Parameter F3_XOR bound to: 3'b100 
	Parameter F3_SRL_SRA bound to: 3'b101 
	Parameter F3_OR bound to: 3'b110 
	Parameter F3_AND bound to: 3'b111 
INFO: [Synth 8-6155] done synthesizing module 'alu_control' (7#1) [C:/Users/abbas/Desktop/CA/CALab-Git-Saqib-Abbas/lab11/lab11.srcs/sources_1/imports/new/alu_control.v:3]
INFO: [Synth 8-6157] synthesizing module 'mmux2' [C:/Users/abbas/Desktop/CA/CALab-Git-Saqib-Abbas/lab11/lab11.srcs/sources_1/new/mmux2.v:2]
INFO: [Synth 8-6155] done synthesizing module 'mmux2' (8#1) [C:/Users/abbas/Desktop/CA/CALab-Git-Saqib-Abbas/lab11/lab11.srcs/sources_1/new/mmux2.v:2]
INFO: [Synth 8-6157] synthesizing module 'ALU_top' [C:/Users/abbas/Desktop/CA/CALab-Git-Saqib-Abbas/lab11/lab11.srcs/sources_1/imports/new/ALU_top.v:3]
INFO: [Synth 8-6157] synthesizing module 'ALU_1bit' [C:/Users/abbas/Desktop/CA/CALab-Git-Saqib-Abbas/lab11/lab11.srcs/sources_1/imports/new/OneBitALU.v:3]
INFO: [Synth 8-6157] synthesizing module 'fullAdder' [C:/Users/abbas/Desktop/CA/CALab-Git-Saqib-Abbas/lab11/lab11.srcs/sources_1/imports/new/fullAdder.v:3]
INFO: [Synth 8-6155] done synthesizing module 'fullAdder' (9#1) [C:/Users/abbas/Desktop/CA/CALab-Git-Saqib-Abbas/lab11/lab11.srcs/sources_1/imports/new/fullAdder.v:3]
INFO: [Synth 8-6155] done synthesizing module 'ALU_1bit' (10#1) [C:/Users/abbas/Desktop/CA/CALab-Git-Saqib-Abbas/lab11/lab11.srcs/sources_1/imports/new/OneBitALU.v:3]
INFO: [Synth 8-6155] done synthesizing module 'ALU_top' (11#1) [C:/Users/abbas/Desktop/CA/CALab-Git-Saqib-Abbas/lab11/lab11.srcs/sources_1/imports/new/ALU_top.v:3]
INFO: [Synth 8-6157] synthesizing module 'branch_adder' [C:/Users/abbas/Desktop/CA/CALab-Git-Saqib-Abbas/lab11/lab11.srcs/sources_1/new/branch_adder.v:1]
INFO: [Synth 8-6155] done synthesizing module 'branch_adder' (12#1) [C:/Users/abbas/Desktop/CA/CALab-Git-Saqib-Abbas/lab11/lab11.srcs/sources_1/new/branch_adder.v:1]
INFO: [Synth 8-6157] synthesizing module 'DataMemory' [C:/Users/abbas/Desktop/CA/CALab-Git-Saqib-Abbas/lab11/lab11.srcs/sources_1/imports/new/DataMemory.v:3]
INFO: [Synth 8-6155] done synthesizing module 'DataMemory' (13#1) [C:/Users/abbas/Desktop/CA/CALab-Git-Saqib-Abbas/lab11/lab11.srcs/sources_1/imports/new/DataMemory.v:3]
INFO: [Synth 8-6155] done synthesizing module 'TopLevelProcessor' (14#1) [C:/Users/abbas/Desktop/CA/CALab-Git-Saqib-Abbas/lab11/lab11.srcs/sources_1/new/TopLevelProcessor.v:3]
---------------------------------------------------------------------------------
Finished RTL Elaboration : Time (s): cpu = 00:00:04 ; elapsed = 00:00:05 . Memory (MB): peak = 1028.938 ; gain = 0.000
---------------------------------------------------------------------------------
---------------------------------------------------------------------------------
Start Handling Custom Attributes
---------------------------------------------------------------------------------
---------------------------------------------------------------------------------
Finished Handling Custom Attributes : Time (s): cpu = 00:00:05 ; elapsed = 00:00:05 . Memory (MB): peak = 1028.938 ; gain = 0.000
---------------------------------------------------------------------------------
---------------------------------------------------------------------------------
Finished RTL Optimization Phase 1 : Time (s): cpu = 00:00:05 ; elapsed = 00:00:05 . Memory (MB): peak = 1028.938 ; gain = 0.000
---------------------------------------------------------------------------------
Netlist sorting complete. Time (s): cpu = 00:00:00 ; elapsed = 00:00:00.063 . Memory (MB): peak = 1028.938 ; gain = 0.000
INFO: [Project 1-570] Preparing netlist for logic optimization

Processing XDC Constraints
Initializing timing engine
Parsing XDC File [C:/Users/abbas/Desktop/CA/CALab-Git-Saqib-Abbas/lab11/lab11.srcs/lab11/new/lab11.xdc]
Finished Parsing XDC File [C:/Users/abbas/Desktop/CA/CALab-Git-Saqib-Abbas/lab11/lab11.srcs/lab11/new/lab11.xdc]
Completed Processing XDC Constraints

Netlist sorting complete. Time (s): cpu = 00:00:00 ; elapsed = 00:00:00.002 . Memory (MB): peak = 1053.652 ; gain = 0.000
INFO: [Project 1-111] Unisim Transformation Summary:
No Unisim elements were transformed.

Constraint Validation Runtime : Time (s): cpu = 00:00:00 ; elapsed = 00:00:00.094 . Memory (MB): peak = 1053.652 ; gain = 0.000
---------------------------------------------------------------------------------
Finished Constraint Validation : Time (s): cpu = 00:00:12 ; elapsed = 00:00:14 . Memory (MB): peak = 1053.652 ; gain = 24.715
---------------------------------------------------------------------------------
---------------------------------------------------------------------------------
Start Loading Part and Timing Information
---------------------------------------------------------------------------------
Loading part: xc7a35tcpg236-1
---------------------------------------------------------------------------------
Finished Loading Part and Timing Information : Time (s): cpu = 00:00:12 ; elapsed = 00:00:14 . Memory (MB): peak = 1053.652 ; gain = 24.715
---------------------------------------------------------------------------------
---------------------------------------------------------------------------------
Start Applying 'set_property' XDC Constraints
---------------------------------------------------------------------------------
---------------------------------------------------------------------------------
Finished applying 'set_property' XDC Constraints : Time (s): cpu = 00:00:12 ; elapsed = 00:00:15 . Memory (MB): peak = 1053.652 ; gain = 24.715
---------------------------------------------------------------------------------
---------------------------------------------------------------------------------
Finished RTL Optimization Phase 2 : Time (s): cpu = 00:00:16 ; elapsed = 00:00:20 . Memory (MB): peak = 1053.652 ; gain = 24.715
---------------------------------------------------------------------------------
---------------------------------------------------------------------------------
Start RTL Component Statistics 
---------------------------------------------------------------------------------
Detailed RTL Component Info : 
+---Adders : 
	   2 Input   32 Bit       Adders := 2     
+---XORs : 
	   2 Input      1 Bit         XORs := 96    
+---Registers : 
	               32 Bit    Registers := 161   
+---Muxes : 
	  33 Input   32 Bit        Muxes := 2     
	   4 Input   32 Bit        Muxes := 1     
	   2 Input   32 Bit        Muxes := 5     
	   4 Input    3 Bit        Muxes := 1     
	   5 Input    3 Bit        Muxes := 1     
	   6 Input    2 Bit        Muxes := 1     
	   4 Input    2 Bit        Muxes := 1     
	   6 Input    1 Bit        Muxes := 6     
	   2 Input    1 Bit        Muxes := 225   
---------------------------------------------------------------------------------
Finished RTL Component Statistics 
---------------------------------------------------------------------------------
---------------------------------------------------------------------------------
Start Part Resource Summary
---------------------------------------------------------------------------------
Part Resources:
DSPs: 90 (col length:60)
BRAMs: 100 (col length: RAMB18 60 RAMB36 30)
---------------------------------------------------------------------------------
Finished Part Resource Summary
---------------------------------------------------------------------------------
---------------------------------------------------------------------------------
Start Cross Boundary and Area Optimization
---------------------------------------------------------------------------------
---------------------------------------------------------------------------------
Finished Cross Boundary and Area Optimization : Time (s): cpu = 00:06:03 ; elapsed = 00:07:32 . Memory (MB): peak = 1053.652 ; gain = 24.715
---------------------------------------------------------------------------------
---------------------------------------------------------------------------------
Start ROM, RAM, DSP and Shift Register Reporting
---------------------------------------------------------------------------------

ROM: Preliminary Mapping	Report
+------------------+------------+---------------+----------------+
|Module Name       | RTL Object | Depth x Width | Implemented As | 
+------------------+------------+---------------+----------------+
|instructionMemory | p_0_out    | 64x29         | LUT            | 
|TopLevelProcessor | p_0_out    | 64x29         | Block RAM      | 
+------------------+------------+---------------+----------------+

---------------------------------------------------------------------------------
Finished ROM, RAM, DSP and Shift Register Reporting
---------------------------------------------------------------------------------
---------------------------------------------------------------------------------
Start Applying XDC Timing Constraints
---------------------------------------------------------------------------------
---------------------------------------------------------------------------------
Finished Applying XDC Timing Constraints : Time (s): cpu = 00:06:28 ; elapsed = 00:08:04 . Memory (MB): peak = 1053.652 ; gain = 24.715
---------------------------------------------------------------------------------
---------------------------------------------------------------------------------
Start Timing Optimization
---------------------------------------------------------------------------------
---------------------------------------------------------------------------------
Finished Timing Optimization : Time (s): cpu = 00:09:21 ; elapsed = 00:11:46 . Memory (MB): peak = 1268.664 ; gain = 239.727
---------------------------------------------------------------------------------
---------------------------------------------------------------------------------
Start Technology Mapping
---------------------------------------------------------------------------------
INFO: [Synth 8-7052] The timing for the instance i_2008 (implemented as a Block RAM) might be sub-optimal as no optional output register could be merged into the ram block. Providing additional output register may help in improving timing.
INFO: [Synth 8-7052] The timing for the instance i_2008 (implemented as a Block RAM) might be sub-optimal as no optional output register could be merged into the ram block. Providing additional output register may help in improving timing.
---------------------------------------------------------------------------------
Finished Technology Mapping : Time (s): cpu = 00:09:40 ; elapsed = 00:12:07 . Memory (MB): peak = 1268.664 ; gain = 239.727
---------------------------------------------------------------------------------
---------------------------------------------------------------------------------
Start IO Insertion
---------------------------------------------------------------------------------
---------------------------------------------------------------------------------
Start Flattening Before IO Insertion
---------------------------------------------------------------------------------
---------------------------------------------------------------------------------
Finished Flattening Before IO Insertion
---------------------------------------------------------------------------------
---------------------------------------------------------------------------------
Start Final Netlist Cleanup
---------------------------------------------------------------------------------
---------------------------------------------------------------------------------
Finished Final Netlist Cleanup
---------------------------------------------------------------------------------
---------------------------------------------------------------------------------
Finished IO Insertion : Time (s): cpu = 00:09:44 ; elapsed = 00:12:11 . Memory (MB): peak = 1268.664 ; gain = 239.727
---------------------------------------------------------------------------------
---------------------------------------------------------------------------------
Start Renaming Generated Instances
---------------------------------------------------------------------------------
---------------------------------------------------------------------------------
Finished Renaming Generated Instances : Time (s): cpu = 00:09:44 ; elapsed = 00:12:11 . Memory (MB): peak = 1268.664 ; gain = 239.727
---------------------------------------------------------------------------------
---------------------------------------------------------------------------------
Start Rebuilding User Hierarchy
---------------------------------------------------------------------------------
---------------------------------------------------------------------------------
Finished Rebuilding User Hierarchy : Time (s): cpu = 00:09:44 ; elapsed = 00:12:12 . Memory (MB): peak = 1268.664 ; gain = 239.727
---------------------------------------------------------------------------------
---------------------------------------------------------------------------------
Start Renaming Generated Ports
---------------------------------------------------------------------------------
---------------------------------------------------------------------------------
Finished Renaming Generated Ports : Time (s): cpu = 00:09:45 ; elapsed = 00:12:12 . Memory (MB): peak = 1268.664 ; gain = 239.727
---------------------------------------------------------------------------------
---------------------------------------------------------------------------------
Start Handling Custom Attributes
---------------------------------------------------------------------------------
---------------------------------------------------------------------------------
Finished Handling Custom Attributes : Time (s): cpu = 00:09:45 ; elapsed = 00:12:12 . Memory (MB): peak = 1268.664 ; gain = 239.727
---------------------------------------------------------------------------------
---------------------------------------------------------------------------------
Start Renaming Generated Nets
---------------------------------------------------------------------------------
---------------------------------------------------------------------------------
Finished Renaming Generated Nets : Time (s): cpu = 00:09:45 ; elapsed = 00:12:12 . Memory (MB): peak = 1268.664 ; gain = 239.727
---------------------------------------------------------------------------------
---------------------------------------------------------------------------------
Start Writing Synthesis Report
---------------------------------------------------------------------------------

Report BlackBoxes: 
+-+--------------+----------+
| |BlackBox name |Instances |
+-+--------------+----------+
+-+--------------+----------+

Report Cell Usage: 
+------+---------+------+
|      |Cell     |Count |
+------+---------+------+
|1     |BUFG     |     1|
|2     |CARRY4   |    18|
|3     |LUT1     |     3|
|4     |LUT2     |    61|
|5     |LUT3     |    41|
|6     |LUT4     |    54|
|7     |LUT5     |   280|
|8     |LUT6     |  1889|
|9     |MUXF7    |   768|
|10    |MUXF8    |   256|
|11    |RAMB18E1 |     1|
|12    |FDRE     |  5120|
|13    |IBUF     |     2|
|14    |OBUF     |    64|
+------+---------+------+
---------------------------------------------------------------------------------
Finished Writing Synthesis Report : Time (s): cpu = 00:09:45 ; elapsed = 00:12:12 . Memory (MB): peak = 1268.664 ; gain = 239.727
---------------------------------------------------------------------------------
Synthesis finished with 0 errors, 0 critical warnings and 0 warnings.
Synthesis Optimization Runtime : Time (s): cpu = 00:09:38 ; elapsed = 00:12:10 . Memory (MB): peak = 1268.664 ; gain = 215.012
Synthesis Optimization Complete : Time (s): cpu = 00:09:45 ; elapsed = 00:12:13 . Memory (MB): peak = 1268.664 ; gain = 239.727
INFO: [Project 1-571] Translating synthesized netlist
Netlist sorting complete. Time (s): cpu = 00:00:00 ; elapsed = 00:00:00.071 . Memory (MB): peak = 1268.664 ; gain = 0.000
INFO: [Netlist 29-17] Analyzing 1043 Unisim elements for replacement
INFO: [Netlist 29-28] Unisim Transformation completed in 0 CPU seconds
INFO: [Project 1-570] Preparing netlist for logic optimization
INFO: [Opt 31-138] Pushed 0 inverter(s) to 0 load pin(s).
Netlist sorting complete. Time (s): cpu = 00:00:00 ; elapsed = 00:00:00.004 . Memory (MB): peak = 1268.664 ; gain = 0.000
INFO: [Project 1-111] Unisim Transformation Summary:
No Unisim elements were transformed.

INFO: [Common 17-83] Releasing license: Synthesis
44 Infos, 0 Warnings, 0 Critical Warnings and 0 Errors encountered.
synth_design completed successfully
synth_design: Time (s): cpu = 00:09:50 ; elapsed = 00:12:21 . Memory (MB): peak = 1268.664 ; gain = 239.727
INFO: [Common 17-1381] The checkpoint 'C:/Users/abbas/Desktop/CA/CALab-Git-Saqib-Abbas/lab11/lab11.runs/synth_1/TopLevelProcessor.dcp' has been generated.
INFO: [runtcl-4] Executing : report_utilization -file TopLevelProcessor_utilization_synth.rpt -pb TopLevelProcessor_utilization_synth.pb
INFO: [Common 17-206] Exiting Vivado at Tue Apr 21 10:53:52 2026...
