
*** Running vivado
    with args -log TopLevelProcessor.vdi -applog -m64 -product Vivado -messageDb vivado.pb -mode batch -source TopLevelProcessor.tcl -notrace



****** Vivado v2020.1 (64-bit)
  **** SW Build 2902540 on Wed May 27 19:54:49 MDT 2020
  **** IP Build 2902112 on Wed May 27 22:43:36 MDT 2020
    ** Copyright 1986-2020 Xilinx, Inc. All Rights Reserved.

source TopLevelProcessor.tcl -notrace
create_project: Time (s): cpu = 00:00:03 ; elapsed = 00:00:07 . Memory (MB): peak = 1015.977 ; gain = 0.000
Command: link_design -top TopLevelProcessor -part xc7a35tcpg236-1
Design is defaulting to srcset: sources_1
Design is defaulting to constrset: constrs_1
INFO: [Device 21-403] Loading part xc7a35tcpg236-1
Netlist sorting complete. Time (s): cpu = 00:00:00 ; elapsed = 00:00:00.125 . Memory (MB): peak = 1015.977 ; gain = 0.000
INFO: [Netlist 29-17] Analyzing 1043 Unisim elements for replacement
INFO: [Netlist 29-28] Unisim Transformation completed in 0 CPU seconds
INFO: [Project 1-479] Netlist was created with Vivado 2020.1
INFO: [Project 1-570] Preparing netlist for logic optimization
Parsing XDC File [C:/Users/abbas/Desktop/CA/CALab-Git-Saqib-Abbas/lab11/lab11.srcs/lab11/new/lab11.xdc]
Finished Parsing XDC File [C:/Users/abbas/Desktop/CA/CALab-Git-Saqib-Abbas/lab11/lab11.srcs/lab11/new/lab11.xdc]
INFO: [Opt 31-138] Pushed 0 inverter(s) to 0 load pin(s).
Netlist sorting complete. Time (s): cpu = 00:00:00 ; elapsed = 00:00:00.006 . Memory (MB): peak = 1015.977 ; gain = 0.000
INFO: [Project 1-111] Unisim Transformation Summary:
No Unisim elements were transformed.

7 Infos, 0 Warnings, 0 Critical Warnings and 0 Errors encountered.
link_design completed successfully
link_design: Time (s): cpu = 00:00:22 ; elapsed = 00:00:53 . Memory (MB): peak = 1015.977 ; gain = 0.000
Command: opt_design
Attempting to get a license for feature 'Implementation' and/or device 'xc7a35t'
INFO: [Common 17-349] Got license for feature 'Implementation' and/or device 'xc7a35t'
Running DRC as a precondition to command opt_design

Starting DRC Task
INFO: [DRC 23-27] Running DRC with 2 threads
INFO: [Project 1-461] DRC finished with 0 Errors
INFO: [Project 1-462] Please refer to the DRC report (report_drc) for more information.

Time (s): cpu = 00:00:04 ; elapsed = 00:00:04 . Memory (MB): peak = 1015.977 ; gain = 0.000

Starting Cache Timing Information Task
INFO: [Timing 38-35] Done setting XDC timing constraints.
Ending Cache Timing Information Task | Checksum: dc8e9f64

Time (s): cpu = 00:00:29 ; elapsed = 00:00:39 . Memory (MB): peak = 1324.113 ; gain = 308.137

Starting Logic Optimization Task

Phase 1 Retarget
INFO: [Opt 31-138] Pushed 0 inverter(s) to 0 load pin(s).
INFO: [Opt 31-49] Retargeted 0 cell(s).
Phase 1 Retarget | Checksum: 95644632

Time (s): cpu = 00:00:01 ; elapsed = 00:00:01 . Memory (MB): peak = 1527.102 ; gain = 0.000
INFO: [Opt 31-389] Phase Retarget created 0 cells and removed 2 cells

Phase 2 Constant propagation
INFO: [Opt 31-138] Pushed 0 inverter(s) to 0 load pin(s).
Phase 2 Constant propagation | Checksum: 27f74412

Time (s): cpu = 00:00:01 ; elapsed = 00:00:02 . Memory (MB): peak = 1527.102 ; gain = 0.000
INFO: [Opt 31-389] Phase Constant propagation created 0 cells and removed 0 cells

Phase 3 Sweep
Phase 3 Sweep | Checksum: 6ad694ad

Time (s): cpu = 00:00:02 ; elapsed = 00:00:02 . Memory (MB): peak = 1527.102 ; gain = 0.000
INFO: [Opt 31-389] Phase Sweep created 0 cells and removed 0 cells

Phase 4 BUFG optimization
Phase 4 BUFG optimization | Checksum: 6ad694ad

Time (s): cpu = 00:00:02 ; elapsed = 00:00:02 . Memory (MB): peak = 1527.102 ; gain = 0.000
INFO: [Opt 31-662] Phase BUFG optimization created 0 cells of which 0 are BUFGs and removed 0 cells.

Phase 5 Shift Register Optimization
INFO: [Opt 31-1064] SRL Remap converted 0 SRLs to 0 registers and converted 0 registers of register chains to 0 SRLs
Phase 5 Shift Register Optimization | Checksum: 6ad694ad

Time (s): cpu = 00:00:02 ; elapsed = 00:00:03 . Memory (MB): peak = 1527.102 ; gain = 0.000
INFO: [Opt 31-389] Phase Shift Register Optimization created 0 cells and removed 0 cells

Phase 6 Post Processing Netlist
Phase 6 Post Processing Netlist | Checksum: 6ad694ad

Time (s): cpu = 00:00:02 ; elapsed = 00:00:03 . Memory (MB): peak = 1527.102 ; gain = 0.000
INFO: [Opt 31-389] Phase Post Processing Netlist created 0 cells and removed 0 cells
Opt_design Change Summary
=========================


-------------------------------------------------------------------------------------------------------------------------
|  Phase                        |  #Cells created  |  #Cells Removed  |  #Constrained objects preventing optimizations  |
-------------------------------------------------------------------------------------------------------------------------
|  Retarget                     |               0  |               2  |                                              0  |
|  Constant propagation         |               0  |               0  |                                              0  |
|  Sweep                        |               0  |               0  |                                              0  |
|  BUFG optimization            |               0  |               0  |                                              0  |
|  Shift Register Optimization  |               0  |               0  |                                              0  |
|  Post Processing Netlist      |               0  |               0  |                                              0  |
-------------------------------------------------------------------------------------------------------------------------



Starting Connectivity Check Task

Time (s): cpu = 00:00:00 ; elapsed = 00:00:00.043 . Memory (MB): peak = 1527.102 ; gain = 0.000
Ending Logic Optimization Task | Checksum: dc8ced63

Time (s): cpu = 00:00:02 ; elapsed = 00:00:03 . Memory (MB): peak = 1527.102 ; gain = 0.000

Starting Power Optimization Task
INFO: [Pwropt 34-132] Skipping clock gating for clocks with a period < 2.00 ns.
INFO: [Timing 38-35] Done setting XDC timing constraints.
Running Vector-less Activity Propagation...

Finished Running Vector-less Activity Propagation
INFO: [Pwropt 34-9] Applying IDT optimizations ...
INFO: [Pwropt 34-10] Applying ODC optimizations ...


Starting PowerOpt Patch Enables Task
INFO: [Pwropt 34-162] WRITE_MODE attribute of 0 BRAM(s) out of a total of 1 has been updated to save power. Run report_power_opt to get a complete listing of the BRAMs updated.
INFO: [Pwropt 34-201] Structural ODC has moved 0 WE to EN ports
Number of BRAM Ports augmented: 0 newly gated: 0 Total Ports: 2
Ending PowerOpt Patch Enables Task | Checksum: dc8ced63

Time (s): cpu = 00:00:00 ; elapsed = 00:00:00.097 . Memory (MB): peak = 1619.742 ; gain = 0.000
Ending Power Optimization Task | Checksum: dc8ced63

Time (s): cpu = 00:00:16 ; elapsed = 00:00:15 . Memory (MB): peak = 1619.742 ; gain = 92.641

Starting Final Cleanup Task
Ending Final Cleanup Task | Checksum: dc8ced63

Time (s): cpu = 00:00:00 ; elapsed = 00:00:00 . Memory (MB): peak = 1619.742 ; gain = 0.000

Starting Netlist Obfuscation Task
Netlist sorting complete. Time (s): cpu = 00:00:00 ; elapsed = 00:00:00.005 . Memory (MB): peak = 1619.742 ; gain = 0.000
Ending Netlist Obfuscation Task | Checksum: dc8ced63

Time (s): cpu = 00:00:00 ; elapsed = 00:00:00.006 . Memory (MB): peak = 1619.742 ; gain = 0.000
INFO: [Common 17-83] Releasing license: Implementation
29 Infos, 0 Warnings, 0 Critical Warnings and 0 Errors encountered.
opt_design completed successfully
opt_design: Time (s): cpu = 00:00:58 ; elapsed = 00:01:10 . Memory (MB): peak = 1619.742 ; gain = 603.766
INFO: [Timing 38-480] Writing timing data to binary archive.
INFO: [Common 17-1381] The checkpoint 'C:/Users/abbas/Desktop/CA/CALab-Git-Saqib-Abbas/lab11/lab11.runs/impl_1/TopLevelProcessor_opt.dcp' has been generated.
INFO: [runtcl-4] Executing : report_drc -file TopLevelProcessor_drc_opted.rpt -pb TopLevelProcessor_drc_opted.pb -rpx TopLevelProcessor_drc_opted.rpx
Command: report_drc -file TopLevelProcessor_drc_opted.rpt -pb TopLevelProcessor_drc_opted.pb -rpx TopLevelProcessor_drc_opted.rpx
INFO: [IP_Flow 19-234] Refreshing IP repositories
INFO: [IP_Flow 19-1704] No user IP repositories specified
INFO: [IP_Flow 19-2313] Loaded Vivado IP repository 'C:/Xilinx/Vivado/2020.1/data/ip'.
INFO: [DRC 23-27] Running DRC with 2 threads
INFO: [Coretcl 2-168] The results of DRC are in file C:/Users/abbas/Desktop/CA/CALab-Git-Saqib-Abbas/lab11/lab11.runs/impl_1/TopLevelProcessor_drc_opted.rpt.
report_drc completed successfully
report_drc: Time (s): cpu = 00:00:09 ; elapsed = 00:00:09 . Memory (MB): peak = 1619.742 ; gain = 0.000
Command: place_design
Attempting to get a license for feature 'Implementation' and/or device 'xc7a35t'
INFO: [Common 17-349] Got license for feature 'Implementation' and/or device 'xc7a35t'
INFO: [DRC 23-27] Running DRC with 2 threads
INFO: [Vivado_Tcl 4-198] DRC finished with 0 Errors
INFO: [Vivado_Tcl 4-199] Please refer to the DRC report (report_drc) for more information.
Running DRC as a precondition to command place_design
INFO: [DRC 23-27] Running DRC with 2 threads
INFO: [Vivado_Tcl 4-198] DRC finished with 0 Errors
INFO: [Vivado_Tcl 4-199] Please refer to the DRC report (report_drc) for more information.

Starting Placer Task
INFO: [Place 30-611] Multithreading enabled for place_design using a maximum of 2 CPUs

Phase 1 Placer Initialization

Phase 1.1 Placer Initialization Netlist Sorting
Netlist sorting complete. Time (s): cpu = 00:00:00 ; elapsed = 00:00:00.005 . Memory (MB): peak = 1619.742 ; gain = 0.000
Phase 1.1 Placer Initialization Netlist Sorting | Checksum: 5fce9abf

Time (s): cpu = 00:00:00 ; elapsed = 00:00:00.063 . Memory (MB): peak = 1619.742 ; gain = 0.000
Netlist sorting complete. Time (s): cpu = 00:00:00 ; elapsed = 00:00:00.005 . Memory (MB): peak = 1619.742 ; gain = 0.000

Phase 1.2 IO Placement/ Clock Placement/ Build Placer Device
INFO: [Timing 38-35] Done setting XDC timing constraints.
Phase 1.2 IO Placement/ Clock Placement/ Build Placer Device | Checksum: 44f85248

Time (s): cpu = 00:00:05 ; elapsed = 00:00:05 . Memory (MB): peak = 1619.742 ; gain = 0.000

Phase 1.3 Build Placer Netlist Model
Phase 1.3 Build Placer Netlist Model | Checksum: 70fe2d83

Time (s): cpu = 00:00:11 ; elapsed = 00:00:09 . Memory (MB): peak = 1619.742 ; gain = 0.000

Phase 1.4 Constrain Clocks/Macros
Phase 1.4 Constrain Clocks/Macros | Checksum: 70fe2d83

Time (s): cpu = 00:00:11 ; elapsed = 00:00:09 . Memory (MB): peak = 1619.742 ; gain = 0.000
Phase 1 Placer Initialization | Checksum: 70fe2d83

Time (s): cpu = 00:00:11 ; elapsed = 00:00:09 . Memory (MB): peak = 1619.742 ; gain = 0.000

Phase 2 Global Placement

Phase 2.1 Floorplanning
Phase 2.1 Floorplanning | Checksum: 550dedf1

Time (s): cpu = 00:00:13 ; elapsed = 00:00:10 . Memory (MB): peak = 1619.742 ; gain = 0.000

Phase 2.2 Global Placement Core

Phase 2.2.1 Physical Synthesis In Placer
INFO: [Physopt 32-1035] Found 0 LUTNM shape to break, 42 LUT instances to create LUTNM shape
INFO: [Physopt 32-1044] Break lutnm for timing: one critical 0, two critical 0, total 0, new lutff created 0
INFO: [Physopt 32-775] End 1 Pass. Optimized 20 nets or cells. Created 0 new cell, deleted 20 existing cells and moved 0 existing cell
INFO: [Physopt 32-65] No nets found for high-fanout optimization.
INFO: [Physopt 32-232] Optimized 0 net. Created 0 new instance.
INFO: [Physopt 32-775] End 1 Pass. Optimized 0 net or cell. Created 0 new cell, deleted 0 existing cell and moved 0 existing cell
INFO: [Physopt 32-670] No setup violation found.  DSP Register Optimization was not performed.
INFO: [Physopt 32-670] No setup violation found.  Shift Register to Pipeline Optimization was not performed.
INFO: [Physopt 32-670] No setup violation found.  Shift Register Optimization was not performed.
INFO: [Physopt 32-670] No setup violation found.  BRAM Register Optimization was not performed.
INFO: [Physopt 32-670] No setup violation found.  URAM Register Optimization was not performed.
INFO: [Physopt 32-949] No candidate nets found for HD net replication
INFO: [Physopt 32-775] End 1 Pass. Optimized 0 net or cell. Created 0 new cell, deleted 0 existing cell and moved 0 existing cell
Netlist sorting complete. Time (s): cpu = 00:00:00 ; elapsed = 00:00:00.007 . Memory (MB): peak = 1619.742 ; gain = 0.000

Summary of Physical Synthesis Optimizations
============================================


-----------------------------------------------------------------------------------------------------------------------------------------------------------
|  Optimization                                     |  Added Cells  |  Removed Cells  |  Optimized Cells/Nets  |  Dont Touch  |  Iterations  |  Elapsed   |
-----------------------------------------------------------------------------------------------------------------------------------------------------------
|  LUT Combining                                    |            0  |             20  |                    20  |           0  |           1  |  00:00:01  |
|  Very High Fanout                                 |            0  |              0  |                     0  |           0  |           1  |  00:00:00  |
|  DSP Register                                     |            0  |              0  |                     0  |           0  |           0  |  00:00:00  |
|  Shift Register to Pipeline                       |            0  |              0  |                     0  |           0  |           0  |  00:00:00  |
|  Shift Register                                   |            0  |              0  |                     0  |           0  |           0  |  00:00:00  |
|  BRAM Register                                    |            0  |              0  |                     0  |           0  |           0  |  00:00:00  |
|  URAM Register                                    |            0  |              0  |                     0  |           0  |           0  |  00:00:00  |
|  Dynamic/Static Region Interface Net Replication  |            0  |              0  |                     0  |           0  |           1  |  00:00:00  |
|  Total                                            |            0  |             20  |                    20  |           0  |           3  |  00:00:01  |
-----------------------------------------------------------------------------------------------------------------------------------------------------------


Phase 2.2.1 Physical Synthesis In Placer | Checksum: 156e74d9d

Time (s): cpu = 00:00:39 ; elapsed = 00:00:30 . Memory (MB): peak = 1619.742 ; gain = 0.000
Phase 2.2 Global Placement Core | Checksum: 1914f1609

Time (s): cpu = 00:00:40 ; elapsed = 00:00:30 . Memory (MB): peak = 1619.742 ; gain = 0.000
Phase 2 Global Placement | Checksum: 1914f1609

Time (s): cpu = 00:00:40 ; elapsed = 00:00:30 . Memory (MB): peak = 1619.742 ; gain = 0.000

Phase 3 Detail Placement

Phase 3.1 Commit Multi Column Macros
Phase 3.1 Commit Multi Column Macros | Checksum: 134c96829

Time (s): cpu = 00:00:44 ; elapsed = 00:00:32 . Memory (MB): peak = 1619.742 ; gain = 0.000

Phase 3.2 Commit Most Macros & LUTRAMs
Phase 3.2 Commit Most Macros & LUTRAMs | Checksum: 16e3c3e71

Time (s): cpu = 00:00:49 ; elapsed = 00:00:36 . Memory (MB): peak = 1619.742 ; gain = 0.000

Phase 3.3 Area Swap Optimization
Phase 3.3 Area Swap Optimization | Checksum: 1bbad6fc2

Time (s): cpu = 00:00:49 ; elapsed = 00:00:36 . Memory (MB): peak = 1619.742 ; gain = 0.000

Phase 3.4 Pipeline Register Optimization
Phase 3.4 Pipeline Register Optimization | Checksum: 1bbad6fc2

Time (s): cpu = 00:00:49 ; elapsed = 00:00:36 . Memory (MB): peak = 1619.742 ; gain = 0.000

Phase 3.5 Small Shape Detail Placement
Phase 3.5 Small Shape Detail Placement | Checksum: 12868876d

Time (s): cpu = 00:01:05 ; elapsed = 00:01:03 . Memory (MB): peak = 1619.742 ; gain = 0.000

Phase 3.6 Re-assign LUT pins
Phase 3.6 Re-assign LUT pins | Checksum: 11a92d52a

Time (s): cpu = 00:01:06 ; elapsed = 00:01:05 . Memory (MB): peak = 1619.742 ; gain = 0.000

Phase 3.7 Pipeline Register Optimization
Phase 3.7 Pipeline Register Optimization | Checksum: 11a92d52a

Time (s): cpu = 00:01:07 ; elapsed = 00:01:05 . Memory (MB): peak = 1619.742 ; gain = 0.000
Phase 3 Detail Placement | Checksum: 11a92d52a

Time (s): cpu = 00:01:07 ; elapsed = 00:01:05 . Memory (MB): peak = 1619.742 ; gain = 0.000

Phase 4 Post Placement Optimization and Clean-Up

Phase 4.1 Post Commit Optimization
INFO: [Timing 38-35] Done setting XDC timing constraints.

Phase 4.1.1 Post Placement Optimization
Post Placement Optimization Initialization | Checksum: 206597285

Phase 4.1.1.1 BUFG Insertion

Starting Physical Synthesis Task

Phase 1 Physical Synthesis Initialization
INFO: [Physopt 32-721] Multithreading enabled for phys_opt_design using a maximum of 2 CPUs
INFO: [Physopt 32-619] Estimated Timing Summary | WNS=0.306 | TNS=0.000 |
Phase 1 Physical Synthesis Initialization | Checksum: 1f1b0d038

Time (s): cpu = 00:00:01 ; elapsed = 00:00:01 . Memory (MB): peak = 1619.742 ; gain = 0.000
INFO: [Place 46-56] BUFG insertion identified 0 candidate nets. Inserted BUFG: 0, Replicated BUFG Driver: 0, Skipped due to Placement/Routing Conflicts: 0, Skipped due to Timing Degradation: 0, Skipped due to Illegal Netlist: 0.
Ending Physical Synthesis Task | Checksum: 1d335a0ab

Time (s): cpu = 00:00:01 ; elapsed = 00:00:01 . Memory (MB): peak = 1619.742 ; gain = 0.000
Phase 4.1.1.1 BUFG Insertion | Checksum: 206597285

Time (s): cpu = 00:01:16 ; elapsed = 00:01:13 . Memory (MB): peak = 1619.742 ; gain = 0.000
INFO: [Place 30-746] Post Placement Timing Summary WNS=0.565. For the most accurate timing information please run report_timing.
Phase 4.1.1 Post Placement Optimization | Checksum: 1bac0507f

Time (s): cpu = 00:01:18 ; elapsed = 00:01:16 . Memory (MB): peak = 1619.742 ; gain = 0.000
Phase 4.1 Post Commit Optimization | Checksum: 1bac0507f

Time (s): cpu = 00:01:19 ; elapsed = 00:01:16 . Memory (MB): peak = 1619.742 ; gain = 0.000

Phase 4.2 Post Placement Cleanup
Phase 4.2 Post Placement Cleanup | Checksum: 1bac0507f

Time (s): cpu = 00:01:19 ; elapsed = 00:01:16 . Memory (MB): peak = 1619.742 ; gain = 0.000

Phase 4.3 Placer Reporting
Phase 4.3 Placer Reporting | Checksum: 1bac0507f

Time (s): cpu = 00:01:19 ; elapsed = 00:01:16 . Memory (MB): peak = 1619.742 ; gain = 0.000

Phase 4.4 Final Placement Cleanup
Netlist sorting complete. Time (s): cpu = 00:00:00 ; elapsed = 00:00:00.005 . Memory (MB): peak = 1619.742 ; gain = 0.000
Phase 4.4 Final Placement Cleanup | Checksum: 191ae309f

Time (s): cpu = 00:01:19 ; elapsed = 00:01:17 . Memory (MB): peak = 1619.742 ; gain = 0.000
Phase 4 Post Placement Optimization and Clean-Up | Checksum: 191ae309f

Time (s): cpu = 00:01:19 ; elapsed = 00:01:17 . Memory (MB): peak = 1619.742 ; gain = 0.000
Ending Placer Task | Checksum: ef87578e

Time (s): cpu = 00:01:19 ; elapsed = 00:01:17 . Memory (MB): peak = 1619.742 ; gain = 0.000
INFO: [Common 17-83] Releasing license: Implementation
65 Infos, 0 Warnings, 0 Critical Warnings and 0 Errors encountered.
place_design completed successfully
place_design: Time (s): cpu = 00:01:24 ; elapsed = 00:01:20 . Memory (MB): peak = 1619.742 ; gain = 0.000
INFO: [Timing 38-480] Writing timing data to binary archive.
Writing placer database...
Writing XDEF routing.
Writing XDEF routing logical nets.
Writing XDEF routing special nets.
Write XDEF Complete: Time (s): cpu = 00:00:06 ; elapsed = 00:00:03 . Memory (MB): peak = 1619.742 ; gain = 0.000
INFO: [Common 17-1381] The checkpoint 'C:/Users/abbas/Desktop/CA/CALab-Git-Saqib-Abbas/lab11/lab11.runs/impl_1/TopLevelProcessor_placed.dcp' has been generated.
write_checkpoint: Time (s): cpu = 00:00:07 ; elapsed = 00:00:05 . Memory (MB): peak = 1619.742 ; gain = 0.000
INFO: [runtcl-4] Executing : report_io -file TopLevelProcessor_io_placed.rpt
report_io: Time (s): cpu = 00:00:00 ; elapsed = 00:00:00.229 . Memory (MB): peak = 1619.742 ; gain = 0.000
INFO: [runtcl-4] Executing : report_utilization -file TopLevelProcessor_utilization_placed.rpt -pb TopLevelProcessor_utilization_placed.pb
INFO: [runtcl-4] Executing : report_control_sets -verbose -file TopLevelProcessor_control_sets_placed.rpt
report_control_sets: Time (s): cpu = 00:00:00 ; elapsed = 00:00:00.086 . Memory (MB): peak = 1619.742 ; gain = 0.000
Command: phys_opt_design
Attempting to get a license for feature 'Implementation' and/or device 'xc7a35t'
INFO: [Common 17-349] Got license for feature 'Implementation' and/or device 'xc7a35t'
INFO: [Vivado_Tcl 4-383] Design worst setup slack (WNS) is greater than or equal to 0.000 ns. Skipping all physical synthesis optimizations.
INFO: [Vivado_Tcl 4-232] No setup violation found. The netlist was not modified.
INFO: [Common 17-83] Releasing license: Implementation
74 Infos, 0 Warnings, 0 Critical Warnings and 0 Errors encountered.
phys_opt_design completed successfully
phys_opt_design: Time (s): cpu = 00:00:08 ; elapsed = 00:00:05 . Memory (MB): peak = 1619.742 ; gain = 0.000
INFO: [Timing 38-480] Writing timing data to binary archive.
Writing placer database...
Writing XDEF routing.
Writing XDEF routing logical nets.
Writing XDEF routing special nets.
Write XDEF Complete: Time (s): cpu = 00:00:06 ; elapsed = 00:00:03 . Memory (MB): peak = 1619.742 ; gain = 0.000
INFO: [Common 17-1381] The checkpoint 'C:/Users/abbas/Desktop/CA/CALab-Git-Saqib-Abbas/lab11/lab11.runs/impl_1/TopLevelProcessor_physopt.dcp' has been generated.
write_checkpoint: Time (s): cpu = 00:00:07 ; elapsed = 00:00:05 . Memory (MB): peak = 1619.742 ; gain = 0.000
Command: route_design
Attempting to get a license for feature 'Implementation' and/or device 'xc7a35t'
INFO: [Common 17-349] Got license for feature 'Implementation' and/or device 'xc7a35t'
Running DRC as a precondition to command route_design
INFO: [DRC 23-27] Running DRC with 2 threads
INFO: [Vivado_Tcl 4-198] DRC finished with 0 Errors
INFO: [Vivado_Tcl 4-199] Please refer to the DRC report (report_drc) for more information.


Starting Routing Task
INFO: [Route 35-254] Multithreading enabled for route_design using a maximum of 2 CPUs
Checksum: PlaceDB: 53891e58 ConstDB: 0 ShapeSum: 9bfe3936 RouteDB: 0

Phase 1 Build RT Design
Phase 1 Build RT Design | Checksum: 18a0d32ce

Time (s): cpu = 00:01:23 ; elapsed = 00:01:09 . Memory (MB): peak = 1692.562 ; gain = 72.820
Post Restoration Checksum: NetGraph: aff0a707 NumContArr: da1c8bc7 Constraints: 0 Timing: 0

Phase 2 Router Initialization

Phase 2.1 Create Timer
Phase 2.1 Create Timer | Checksum: 18a0d32ce

Time (s): cpu = 00:01:23 ; elapsed = 00:01:10 . Memory (MB): peak = 1692.562 ; gain = 72.820

Phase 2.2 Fix Topology Constraints
Phase 2.2 Fix Topology Constraints | Checksum: 18a0d32ce

Time (s): cpu = 00:01:23 ; elapsed = 00:01:10 . Memory (MB): peak = 1698.602 ; gain = 78.859

Phase 2.3 Pre Route Cleanup
Phase 2.3 Pre Route Cleanup | Checksum: 18a0d32ce

Time (s): cpu = 00:01:23 ; elapsed = 00:01:10 . Memory (MB): peak = 1698.602 ; gain = 78.859
 Number of Nodes with overlaps = 0

Phase 2.4 Update Timing
Phase 2.4 Update Timing | Checksum: 1b2b5942a

Time (s): cpu = 00:01:35 ; elapsed = 00:01:20 . Memory (MB): peak = 1710.898 ; gain = 91.156
INFO: [Route 35-416] Intermediate Timing Summary | WNS=1.058  | TNS=0.000  | WHS=-0.064 | THS=-0.064 |

Phase 2 Router Initialization | Checksum: ec943eb3

Time (s): cpu = 00:01:40 ; elapsed = 00:01:24 . Memory (MB): peak = 1715.035 ; gain = 95.293

Router Utilization Summary
  Global Vertical Routing Utilization    = 0 %
  Global Horizontal Routing Utilization  = 0 %
  Routable Net Status*
  *Does not include unroutable nets such as driverless and loadless.
  Run report_route_status for detailed report.
  Number of Failed Nets               = 6440
    (Failed Nets is the sum of unrouted and partially routed nets)
  Number of Unrouted Nets             = 6440
  Number of Partially Routed Nets     = 0
  Number of Node Overlaps             = 0


Phase 3 Initial Routing
Phase 3 Initial Routing | Checksum: 21583e139

Time (s): cpu = 00:01:51 ; elapsed = 00:01:30 . Memory (MB): peak = 1732.953 ; gain = 113.211

Phase 4 Rip-up And Reroute

Phase 4.1 Global Iteration 0
 Number of Nodes with overlaps = 1927
 Number of Nodes with overlaps = 717
 Number of Nodes with overlaps = 347
 Number of Nodes with overlaps = 187
 Number of Nodes with overlaps = 111
 Number of Nodes with overlaps = 39
 Number of Nodes with overlaps = 10
 Number of Nodes with overlaps = 0
INFO: [Route 35-416] Intermediate Timing Summary | WNS=1.811  | TNS=0.000  | WHS=N/A    | THS=N/A    |

Phase 4.1 Global Iteration 0 | Checksum: 88e31ee9

Time (s): cpu = 00:02:55 ; elapsed = 00:02:20 . Memory (MB): peak = 1732.953 ; gain = 113.211
Phase 4 Rip-up And Reroute | Checksum: 88e31ee9

Time (s): cpu = 00:02:55 ; elapsed = 00:02:20 . Memory (MB): peak = 1732.953 ; gain = 113.211

Phase 5 Delay and Skew Optimization

Phase 5.1 Delay CleanUp
Phase 5.1 Delay CleanUp | Checksum: 88e31ee9

Time (s): cpu = 00:02:55 ; elapsed = 00:02:21 . Memory (MB): peak = 1732.953 ; gain = 113.211

Phase 5.2 Clock Skew Optimization
Phase 5.2 Clock Skew Optimization | Checksum: 88e31ee9

Time (s): cpu = 00:02:55 ; elapsed = 00:02:21 . Memory (MB): peak = 1732.953 ; gain = 113.211
Phase 5 Delay and Skew Optimization | Checksum: 88e31ee9

Time (s): cpu = 00:02:55 ; elapsed = 00:02:21 . Memory (MB): peak = 1732.953 ; gain = 113.211

Phase 6 Post Hold Fix

Phase 6.1 Hold Fix Iter

Phase 6.1.1 Update Timing
Phase 6.1.1 Update Timing | Checksum: 111530591

Time (s): cpu = 00:02:57 ; elapsed = 00:02:23 . Memory (MB): peak = 1732.953 ; gain = 113.211
INFO: [Route 35-416] Intermediate Timing Summary | WNS=1.904  | TNS=0.000  | WHS=0.264  | THS=0.000  |

Phase 6.1 Hold Fix Iter | Checksum: 111530591

Time (s): cpu = 00:02:57 ; elapsed = 00:02:23 . Memory (MB): peak = 1732.953 ; gain = 113.211
Phase 6 Post Hold Fix | Checksum: 111530591

Time (s): cpu = 00:02:57 ; elapsed = 00:02:23 . Memory (MB): peak = 1732.953 ; gain = 113.211

Phase 7 Route finalize

Router Utilization Summary
  Global Vertical Routing Utilization    = 4.11632 %
  Global Horizontal Routing Utilization  = 4.32301 %
  Routable Net Status*
  *Does not include unroutable nets such as driverless and loadless.
  Run report_route_status for detailed report.
  Number of Failed Nets               = 0
    (Failed Nets is the sum of unrouted and partially routed nets)
  Number of Unrouted Nets             = 0
  Number of Partially Routed Nets     = 0
  Number of Node Overlaps             = 0

Phase 7 Route finalize | Checksum: aade9dbc

Time (s): cpu = 00:02:58 ; elapsed = 00:02:23 . Memory (MB): peak = 1732.953 ; gain = 113.211

Phase 8 Verifying routed nets

 Verification completed successfully
Phase 8 Verifying routed nets | Checksum: aade9dbc

Time (s): cpu = 00:02:58 ; elapsed = 00:02:23 . Memory (MB): peak = 1732.953 ; gain = 113.211

Phase 9 Depositing Routes
Phase 9 Depositing Routes | Checksum: f9c91fd5

Time (s): cpu = 00:03:00 ; elapsed = 00:02:26 . Memory (MB): peak = 1732.953 ; gain = 113.211

Phase 10 Post Router Timing
INFO: [Route 35-57] Estimated Timing Summary | WNS=1.904  | TNS=0.000  | WHS=0.264  | THS=0.000  |

INFO: [Route 35-327] The final timing numbers are based on the router estimated timing analysis. For a complete and accurate timing signoff, please run report_timing_summary.
Phase 10 Post Router Timing | Checksum: f9c91fd5

Time (s): cpu = 00:03:00 ; elapsed = 00:02:27 . Memory (MB): peak = 1732.953 ; gain = 113.211
INFO: [Route 35-16] Router Completed Successfully

Time (s): cpu = 00:03:00 ; elapsed = 00:02:27 . Memory (MB): peak = 1732.953 ; gain = 113.211

Routing Is Done.
INFO: [Common 17-83] Releasing license: Implementation
88 Infos, 0 Warnings, 0 Critical Warnings and 0 Errors encountered.
route_design completed successfully
route_design: Time (s): cpu = 00:03:06 ; elapsed = 00:02:31 . Memory (MB): peak = 1732.953 ; gain = 113.211
INFO: [Timing 38-480] Writing timing data to binary archive.
Writing placer database...
Writing XDEF routing.
Writing XDEF routing logical nets.
Writing XDEF routing special nets.
Write XDEF Complete: Time (s): cpu = 00:00:06 ; elapsed = 00:00:04 . Memory (MB): peak = 1732.953 ; gain = 0.000
INFO: [Common 17-1381] The checkpoint 'C:/Users/abbas/Desktop/CA/CALab-Git-Saqib-Abbas/lab11/lab11.runs/impl_1/TopLevelProcessor_routed.dcp' has been generated.
write_checkpoint: Time (s): cpu = 00:00:07 ; elapsed = 00:00:06 . Memory (MB): peak = 1732.953 ; gain = 0.000
INFO: [runtcl-4] Executing : report_drc -file TopLevelProcessor_drc_routed.rpt -pb TopLevelProcessor_drc_routed.pb -rpx TopLevelProcessor_drc_routed.rpx
Command: report_drc -file TopLevelProcessor_drc_routed.rpt -pb TopLevelProcessor_drc_routed.pb -rpx TopLevelProcessor_drc_routed.rpx
INFO: [IP_Flow 19-1839] IP Catalog is up to date.
INFO: [DRC 23-27] Running DRC with 2 threads
INFO: [Coretcl 2-168] The results of DRC are in file C:/Users/abbas/Desktop/CA/CALab-Git-Saqib-Abbas/lab11/lab11.runs/impl_1/TopLevelProcessor_drc_routed.rpt.
report_drc completed successfully
report_drc: Time (s): cpu = 00:00:11 ; elapsed = 00:00:07 . Memory (MB): peak = 1742.309 ; gain = 9.355
INFO: [runtcl-4] Executing : report_methodology -file TopLevelProcessor_methodology_drc_routed.rpt -pb TopLevelProcessor_methodology_drc_routed.pb -rpx TopLevelProcessor_methodology_drc_routed.rpx
Command: report_methodology -file TopLevelProcessor_methodology_drc_routed.rpt -pb TopLevelProcessor_methodology_drc_routed.pb -rpx TopLevelProcessor_methodology_drc_routed.rpx
INFO: [Timing 38-35] Done setting XDC timing constraints.
INFO: [DRC 23-133] Running Methodology with 2 threads
INFO: [Coretcl 2-1520] The results of Report Methodology are in file C:/Users/abbas/Desktop/CA/CALab-Git-Saqib-Abbas/lab11/lab11.runs/impl_1/TopLevelProcessor_methodology_drc_routed.rpt.
report_methodology completed successfully
report_methodology: Time (s): cpu = 00:00:20 ; elapsed = 00:00:12 . Memory (MB): peak = 1781.094 ; gain = 38.785
INFO: [runtcl-4] Executing : report_power -file TopLevelProcessor_power_routed.rpt -pb TopLevelProcessor_power_summary_routed.pb -rpx TopLevelProcessor_power_routed.rpx
Command: report_power -file TopLevelProcessor_power_routed.rpt -pb TopLevelProcessor_power_summary_routed.pb -rpx TopLevelProcessor_power_routed.rpx
INFO: [Timing 38-35] Done setting XDC timing constraints.
Running Vector-less Activity Propagation...

Finished Running Vector-less Activity Propagation
100 Infos, 0 Warnings, 0 Critical Warnings and 0 Errors encountered.
report_power completed successfully
report_power: Time (s): cpu = 00:00:11 ; elapsed = 00:00:10 . Memory (MB): peak = 1781.316 ; gain = 0.223
INFO: [runtcl-4] Executing : report_route_status -file TopLevelProcessor_route_status.rpt -pb TopLevelProcessor_route_status.pb
INFO: [runtcl-4] Executing : report_timing_summary -max_paths 10 -file TopLevelProcessor_timing_summary_routed.rpt -pb TopLevelProcessor_timing_summary_routed.pb -rpx TopLevelProcessor_timing_summary_routed.rpx -warn_on_violation 
INFO: [Timing 38-91] UpdateTimingParams: Speed grade: -1, Delay Type: min_max.
INFO: [Timing 38-191] Multithreading enabled for timing update using a maximum of 2 CPUs
INFO: [runtcl-4] Executing : report_incremental_reuse -file TopLevelProcessor_incremental_reuse_routed.rpt
INFO: [Vivado_Tcl 4-1062] Incremental flow is disabled. No incremental reuse Info to report.
INFO: [runtcl-4] Executing : report_clock_utilization -file TopLevelProcessor_clock_utilization_routed.rpt
INFO: [runtcl-4] Executing : report_bus_skew -warn_on_violation -file TopLevelProcessor_bus_skew_routed.rpt -pb TopLevelProcessor_bus_skew_routed.pb -rpx TopLevelProcessor_bus_skew_routed.rpx
INFO: [Timing 38-91] UpdateTimingParams: Speed grade: -1, Delay Type: min_max.
INFO: [Timing 38-191] Multithreading enabled for timing update using a maximum of 2 CPUs
INFO: [Common 17-206] Exiting Vivado at Tue Apr 21 11:01:47 2026...
