Copyright 1986-2020 Xilinx, Inc. All Rights Reserved.
--------------------------------------------------------------------------------------------
| Tool Version : Vivado v.2020.1 (win64) Build 2902540 Wed May 27 19:54:49 MDT 2020
| Date         : Thu Feb 26 11:16:14 2026
| Host         : DESKTOP-4B0VT85 running 64-bit major release  (build 9200)
| Command      : report_control_sets -verbose -file fsm_counter_top_control_sets_placed.rpt
| Design       : fsm_counter_top
| Device       : xc7a35t
--------------------------------------------------------------------------------------------

Control Set Information

Table of Contents
-----------------
1. Summary
2. Histogram
3. Flip-Flop Distribution
4. Detailed Control Set Information

1. Summary
----------

+----------------------------------------------------------+-------+
|                          Status                          | Count |
+----------------------------------------------------------+-------+
| Total control sets                                       |     7 |
|    Minimum number of control sets                        |     7 |
|    Addition due to synthesis replication                 |     0 |
|    Addition due to physical synthesis replication        |     0 |
| Unused register locations in slices containing registers |    18 |
+----------------------------------------------------------+-------+
* Control sets can be merged at opt_design using control_set_merge or merge_equivalent_drivers
** Run report_qor_suggestions for automated merging and remapping suggestions


2. Histogram
------------

+--------------------+-------+
|       Fanout       | Count |
+--------------------+-------+
| Total control sets |     7 |
| >= 0 to < 4        |     0 |
| >= 4 to < 6        |     2 |
| >= 6 to < 8        |     0 |
| >= 8 to < 10       |     0 |
| >= 10 to < 12      |     0 |
| >= 12 to < 14      |     1 |
| >= 14 to < 16      |     0 |
| >= 16              |     4 |
+--------------------+-------+
* Control sets can be remapped at either synth_design or opt_design


3. Flip-Flop Distribution
-------------------------

+--------------+-----------------------+------------------------+-----------------+--------------+
| Clock Enable | Synchronous Set/Reset | Asynchronous Set/Reset | Total Registers | Total Slices |
+--------------+-----------------------+------------------------+-----------------+--------------+
| No           | No                    | No                     |               5 |            4 |
| No           | No                    | Yes                    |               0 |            0 |
| No           | Yes                   | No                     |              97 |           30 |
| Yes          | No                    | No                     |               0 |            0 |
| Yes          | No                    | Yes                    |               0 |            0 |
| Yes          | Yes                   | No                     |              16 |            5 |
+--------------+-----------------------+------------------------+-----------------+--------------+


4. Detailed Control Set Information
-----------------------------------

+----------------+-----------------+-------------------------+------------------+----------------+--------------+
|  Clock Signal  |  Enable Signal  |     Set/Reset Signal    | Slice Load Count | Bel Load Count | Bels / Slice |
+----------------+-----------------+-------------------------+------------------+----------------+--------------+
|  clk_IBUF_BUFG | u_switches/E[0] | u_db/rst                |                2 |              4 |         2.00 |
|  clk_IBUF_BUFG |                 |                         |                4 |              5 |         1.25 |
|  clk_IBUF_BUFG | u_switches/E[0] | u_db/SR[0]              |                3 |             12 |         4.00 |
|  clk_IBUF_BUFG |                 | u_db/clean_out_reg_1[0] |                6 |             16 |         2.67 |
|  clk_IBUF_BUFG |                 | u_db/count[0]_i_1_n_0   |                5 |             20 |         4.00 |
|  clk_IBUF_BUFG |                 | u_db/rst                |               11 |             29 |         2.64 |
|  clk_IBUF_BUFG |                 | u_db/clean_out_reg_0    |                8 |             32 |         4.00 |
+----------------+-----------------+-------------------------+------------------+----------------+--------------+


