Copyright 1986-2020 Xilinx, Inc. All Rights Reserved.
--------------------------------------------------------------------------------------------------------------------------------------------------------------------------------------------------------------------
| Tool Version : Vivado v.2020.1 (win64) Build 2902540 Wed May 27 19:54:49 MDT 2020
| Date         : Thu Feb 26 11:16:29 2026
| Host         : DESKTOP-4B0VT85 running 64-bit major release  (build 9200)
| Command      : report_timing_summary -max_paths 10 -file fsm_counter_top_timing_summary_routed.rpt -pb fsm_counter_top_timing_summary_routed.pb -rpx fsm_counter_top_timing_summary_routed.rpx -warn_on_violation
| Design       : fsm_counter_top
| Device       : 7a35t-cpg236
| Speed File   : -1  PRODUCTION 1.23 2018-06-13
--------------------------------------------------------------------------------------------------------------------------------------------------------------------------------------------------------------------

Timing Summary Report

------------------------------------------------------------------------------------------------
| Timer Settings
| --------------
------------------------------------------------------------------------------------------------

  Enable Multi Corner Analysis               :  Yes
  Enable Pessimism Removal                   :  Yes
  Pessimism Removal Resolution               :  Nearest Common Node
  Enable Input Delay Default Clock           :  No
  Enable Preset / Clear Arcs                 :  No
  Disable Flight Delays                      :  No
  Ignore I/O Paths                           :  No
  Timing Early Launch at Borrowing Latches   :  No
  Borrow Time for Max Delay Exceptions       :  Yes
  Merge Timing Exceptions                    :  Yes

  Corner  Analyze    Analyze    
  Name    Max Paths  Min Paths  
  ------  ---------  ---------  
  Slow    Yes        Yes        
  Fast    Yes        Yes        



check_timing report

Table of Contents
-----------------
1. checking no_clock (0)
2. checking constant_clock (0)
3. checking pulse_width_clock (0)
4. checking unconstrained_internal_endpoints (0)
5. checking no_input_delay (14)
6. checking no_output_delay (23)
7. checking multiple_clock (0)
8. checking generated_clocks (0)
9. checking loops (0)
10. checking partial_input_delay (0)
11. checking partial_output_delay (0)
12. checking latch_loops (0)

1. checking no_clock (0)
------------------------
 There are 0 register/latch pins with no clock.


2. checking constant_clock (0)
------------------------------
 There are 0 register/latch pins with constant_clock.


3. checking pulse_width_clock (0)
---------------------------------
 There are 0 register/latch pins which need pulse_width check


4. checking unconstrained_internal_endpoints (0)
------------------------------------------------
 There are 0 pins that are not constrained for maximum delay.

 There are 0 pins that are not constrained for maximum delay due to constant clock.


5. checking no_input_delay (14)
-------------------------------
 There are 0 input ports with no input delay specified.

 There are 14 input ports with no input delay but user has a false path constraint. (MEDIUM)


6. checking no_output_delay (23)
--------------------------------
 There are 23 ports with no output delay specified. (HIGH)

 There are 0 ports with no output delay but user has a false path constraint

 There are 0 ports with no output delay but with a timing clock defined on it or propagating through it


7. checking multiple_clock (0)
------------------------------
 There are 0 register/latch pins with multiple clocks.


8. checking generated_clocks (0)
--------------------------------
 There are 0 generated clocks that are not connected to a clock source.


9. checking loops (0)
---------------------
 There are 0 combinational loops in the design.


10. checking partial_input_delay (0)
------------------------------------
 There are 0 input ports with partial input delay specified.


11. checking partial_output_delay (0)
-------------------------------------
 There are 0 ports with partial output delay specified.


12. checking latch_loops (0)
----------------------------
 There are 0 combinational latch loops in the design through latch input



------------------------------------------------------------------------------------------------
| Design Timing Summary
| ---------------------
------------------------------------------------------------------------------------------------

    WNS(ns)      TNS(ns)  TNS Failing Endpoints  TNS Total Endpoints      WHS(ns)      THS(ns)  THS Failing Endpoints  THS Total Endpoints     WPWS(ns)     TPWS(ns)  TPWS Failing Endpoints  TPWS Total Endpoints  
    -------      -------  ---------------------  -------------------      -------      -------  ---------------------  -------------------     --------     --------  ----------------------  --------------------  
      4.535        0.000                      0                  233        0.180        0.000                      0                  233        4.500        0.000                       0                   119  


All user specified timing constraints are met.


------------------------------------------------------------------------------------------------
| Clock Summary
| -------------
------------------------------------------------------------------------------------------------

Clock    Waveform(ns)       Period(ns)      Frequency(MHz)
-----    ------------       ----------      --------------
sys_clk  {0.000 5.000}      10.000          100.000         


------------------------------------------------------------------------------------------------
| Intra Clock Table
| -----------------
------------------------------------------------------------------------------------------------

Clock             WNS(ns)      TNS(ns)  TNS Failing Endpoints  TNS Total Endpoints      WHS(ns)      THS(ns)  THS Failing Endpoints  THS Total Endpoints     WPWS(ns)     TPWS(ns)  TPWS Failing Endpoints  TPWS Total Endpoints  
-----             -------      -------  ---------------------  -------------------      -------      -------  ---------------------  -------------------     --------     --------  ----------------------  --------------------  
sys_clk             4.535        0.000                      0                  233        0.180        0.000                      0                  233        4.500        0.000                       0                   119  


------------------------------------------------------------------------------------------------
| Inter Clock Table
| -----------------
------------------------------------------------------------------------------------------------

From Clock    To Clock          WNS(ns)      TNS(ns)  TNS Failing Endpoints  TNS Total Endpoints      WHS(ns)      THS(ns)  THS Failing Endpoints  THS Total Endpoints  
----------    --------          -------      -------  ---------------------  -------------------      -------      -------  ---------------------  -------------------  


------------------------------------------------------------------------------------------------
| Other Path Groups Table
| -----------------------
------------------------------------------------------------------------------------------------

Path Group    From Clock    To Clock          WNS(ns)      TNS(ns)  TNS Failing Endpoints  TNS Total Endpoints      WHS(ns)      THS(ns)  THS Failing Endpoints  THS Total Endpoints  
----------    ----------    --------          -------      -------  ---------------------  -------------------      -------      -------  ---------------------  -------------------  


------------------------------------------------------------------------------------------------
| Timing Details
| --------------
------------------------------------------------------------------------------------------------


---------------------------------------------------------------------------------------------------
From Clock:  sys_clk
  To Clock:  sys_clk

Setup :            0  Failing Endpoints,  Worst Slack        4.535ns,  Total Violation        0.000ns
Hold  :            0  Failing Endpoints,  Worst Slack        0.180ns,  Total Violation        0.000ns
PW    :            0  Failing Endpoints,  Worst Slack        4.500ns,  Total Violation        0.000ns
---------------------------------------------------------------------------------------------------


Max Delay Paths
--------------------------------------------------------------------------------------
Slack (MET) :             4.535ns  (required time - arrival time)
  Source:                 u_switches/readData_reg[12]/C
                            (rising edge-triggered cell FDRE clocked by sys_clk  {rise@0.000ns fall@5.000ns period=10.000ns})
  Destination:            counter_reg[11]/R
                            (rising edge-triggered cell FDRE clocked by sys_clk  {rise@0.000ns fall@5.000ns period=10.000ns})
  Path Group:             sys_clk
  Path Type:              Setup (Max at Slow Process Corner)
  Requirement:            10.000ns  (sys_clk rise@10.000ns - sys_clk rise@0.000ns)
  Data Path Delay:        4.774ns  (logic 1.272ns (26.642%)  route 3.502ns (73.358%))
  Logic Levels:           4  (LUT2=1 LUT4=1 LUT5=1 LUT6=1)
  Clock Path Skew:        -0.024ns (DCD - SCD + CPR)
    Destination Clock Delay (DCD):    4.771ns = ( 14.771 - 10.000 ) 
    Source Clock Delay      (SCD):    5.069ns
    Clock Pessimism Removal (CPR):    0.274ns
  Clock Uncertainty:      0.035ns  ((TSJ^2 + TIJ^2)^1/2 + DJ) / 2 + PE
    Total System Jitter     (TSJ):    0.071ns
    Total Input Jitter      (TIJ):    0.000ns
    Discrete Jitter          (DJ):    0.000ns
    Phase Error              (PE):    0.000ns

    Location             Delay type                Incr(ns)  Path(ns)    Netlist Resource(s)
  -------------------------------------------------------------------    -------------------
                         (clock sys_clk rise edge)    0.000     0.000 r  
    W5                                                0.000     0.000 r  clk (IN)
                         net (fo=0)                   0.000     0.000    clk
    W5                   IBUF (Prop_ibuf_I_O)         1.458     1.458 r  clk_IBUF_inst/O
                         net (fo=1, routed)           1.967     3.425    clk_IBUF
    BUFGCTRL_X0Y0        BUFG (Prop_bufg_I_O)         0.096     3.521 r  clk_IBUF_BUFG_inst/O
                         net (fo=118, routed)         1.548     5.069    u_switches/clk_IBUF_BUFG
    SLICE_X42Y23         FDRE                                         r  u_switches/readData_reg[12]/C
  -------------------------------------------------------------------    -------------------
    SLICE_X42Y23         FDRE (Prop_fdre_C_Q)         0.518     5.587 f  u_switches/readData_reg[12]/Q
                         net (fo=4, routed)           0.972     6.559    u_switches/sel0[10]
    SLICE_X41Y21         LUT5 (Prop_lut5_I2_O)        0.152     6.711 f  u_switches/counter[0]_i_5/O
                         net (fo=1, routed)           0.625     7.336    u_switches/counter[0]_i_5_n_0
    SLICE_X40Y21         LUT6 (Prop_lut6_I5_O)        0.326     7.662 r  u_switches/counter[0]_i_2/O
                         net (fo=2, routed)           0.416     8.078    u_switches/counter[0]_i_2_n_0
    SLICE_X39Y21         LUT4 (Prop_lut4_I1_O)        0.124     8.202 r  u_switches/counter[15]_i_4/O
                         net (fo=4, routed)           0.818     9.020    u_db/counter_reg[15]
    SLICE_X39Y23         LUT2 (Prop_lut2_I1_O)        0.152     9.172 r  u_db/counter[15]_i_1/O
                         net (fo=12, routed)          0.671     9.844    u_db_n_2
    SLICE_X41Y24         FDRE                                         r  counter_reg[11]/R
  -------------------------------------------------------------------    -------------------

                         (clock sys_clk rise edge)   10.000    10.000 r  
    W5                                                0.000    10.000 r  clk (IN)
                         net (fo=0)                   0.000    10.000    clk
    W5                   IBUF (Prop_ibuf_I_O)         1.388    11.388 r  clk_IBUF_inst/O
                         net (fo=1, routed)           1.862    13.250    clk_IBUF
    BUFGCTRL_X0Y0        BUFG (Prop_bufg_I_O)         0.091    13.341 r  clk_IBUF_BUFG_inst/O
                         net (fo=118, routed)         1.430    14.771    clk_IBUF_BUFG
    SLICE_X41Y24         FDRE                                         r  counter_reg[11]/C
                         clock pessimism              0.274    15.045    
                         clock uncertainty           -0.035    15.010    
    SLICE_X41Y24         FDRE (Setup_fdre_C_R)       -0.631    14.379    counter_reg[11]
  -------------------------------------------------------------------
                         required time                         14.379    
                         arrival time                          -9.844    
  -------------------------------------------------------------------
                         slack                                  4.535    

Slack (MET) :             4.535ns  (required time - arrival time)
  Source:                 u_switches/readData_reg[12]/C
                            (rising edge-triggered cell FDRE clocked by sys_clk  {rise@0.000ns fall@5.000ns period=10.000ns})
  Destination:            counter_reg[12]/R
                            (rising edge-triggered cell FDRE clocked by sys_clk  {rise@0.000ns fall@5.000ns period=10.000ns})
  Path Group:             sys_clk
  Path Type:              Setup (Max at Slow Process Corner)
  Requirement:            10.000ns  (sys_clk rise@10.000ns - sys_clk rise@0.000ns)
  Data Path Delay:        4.774ns  (logic 1.272ns (26.642%)  route 3.502ns (73.358%))
  Logic Levels:           4  (LUT2=1 LUT4=1 LUT5=1 LUT6=1)
  Clock Path Skew:        -0.024ns (DCD - SCD + CPR)
    Destination Clock Delay (DCD):    4.771ns = ( 14.771 - 10.000 ) 
    Source Clock Delay      (SCD):    5.069ns
    Clock Pessimism Removal (CPR):    0.274ns
  Clock Uncertainty:      0.035ns  ((TSJ^2 + TIJ^2)^1/2 + DJ) / 2 + PE
    Total System Jitter     (TSJ):    0.071ns
    Total Input Jitter      (TIJ):    0.000ns
    Discrete Jitter          (DJ):    0.000ns
    Phase Error              (PE):    0.000ns

    Location             Delay type                Incr(ns)  Path(ns)    Netlist Resource(s)
  -------------------------------------------------------------------    -------------------
                         (clock sys_clk rise edge)    0.000     0.000 r  
    W5                                                0.000     0.000 r  clk (IN)
                         net (fo=0)                   0.000     0.000    clk
    W5                   IBUF (Prop_ibuf_I_O)         1.458     1.458 r  clk_IBUF_inst/O
                         net (fo=1, routed)           1.967     3.425    clk_IBUF
    BUFGCTRL_X0Y0        BUFG (Prop_bufg_I_O)         0.096     3.521 r  clk_IBUF_BUFG_inst/O
                         net (fo=118, routed)         1.548     5.069    u_switches/clk_IBUF_BUFG
    SLICE_X42Y23         FDRE                                         r  u_switches/readData_reg[12]/C
  -------------------------------------------------------------------    -------------------
    SLICE_X42Y23         FDRE (Prop_fdre_C_Q)         0.518     5.587 f  u_switches/readData_reg[12]/Q
                         net (fo=4, routed)           0.972     6.559    u_switches/sel0[10]
    SLICE_X41Y21         LUT5 (Prop_lut5_I2_O)        0.152     6.711 f  u_switches/counter[0]_i_5/O
                         net (fo=1, routed)           0.625     7.336    u_switches/counter[0]_i_5_n_0
    SLICE_X40Y21         LUT6 (Prop_lut6_I5_O)        0.326     7.662 r  u_switches/counter[0]_i_2/O
                         net (fo=2, routed)           0.416     8.078    u_switches/counter[0]_i_2_n_0
    SLICE_X39Y21         LUT4 (Prop_lut4_I1_O)        0.124     8.202 r  u_switches/counter[15]_i_4/O
                         net (fo=4, routed)           0.818     9.020    u_db/counter_reg[15]
    SLICE_X39Y23         LUT2 (Prop_lut2_I1_O)        0.152     9.172 r  u_db/counter[15]_i_1/O
                         net (fo=12, routed)          0.671     9.844    u_db_n_2
    SLICE_X41Y24         FDRE                                         r  counter_reg[12]/R
  -------------------------------------------------------------------    -------------------

                         (clock sys_clk rise edge)   10.000    10.000 r  
    W5                                                0.000    10.000 r  clk (IN)
                         net (fo=0)                   0.000    10.000    clk
    W5                   IBUF (Prop_ibuf_I_O)         1.388    11.388 r  clk_IBUF_inst/O
                         net (fo=1, routed)           1.862    13.250    clk_IBUF
    BUFGCTRL_X0Y0        BUFG (Prop_bufg_I_O)         0.091    13.341 r  clk_IBUF_BUFG_inst/O
                         net (fo=118, routed)         1.430    14.771    clk_IBUF_BUFG
    SLICE_X41Y24         FDRE                                         r  counter_reg[12]/C
                         clock pessimism              0.274    15.045    
                         clock uncertainty           -0.035    15.010    
    SLICE_X41Y24         FDRE (Setup_fdre_C_R)       -0.631    14.379    counter_reg[12]
  -------------------------------------------------------------------
                         required time                         14.379    
                         arrival time                          -9.844    
  -------------------------------------------------------------------
                         slack                                  4.535    

Slack (MET) :             4.535ns  (required time - arrival time)
  Source:                 u_switches/readData_reg[12]/C
                            (rising edge-triggered cell FDRE clocked by sys_clk  {rise@0.000ns fall@5.000ns period=10.000ns})
  Destination:            counter_reg[6]/R
                            (rising edge-triggered cell FDRE clocked by sys_clk  {rise@0.000ns fall@5.000ns period=10.000ns})
  Path Group:             sys_clk
  Path Type:              Setup (Max at Slow Process Corner)
  Requirement:            10.000ns  (sys_clk rise@10.000ns - sys_clk rise@0.000ns)
  Data Path Delay:        4.774ns  (logic 1.272ns (26.642%)  route 3.502ns (73.358%))
  Logic Levels:           4  (LUT2=1 LUT4=1 LUT5=1 LUT6=1)
  Clock Path Skew:        -0.024ns (DCD - SCD + CPR)
    Destination Clock Delay (DCD):    4.771ns = ( 14.771 - 10.000 ) 
    Source Clock Delay      (SCD):    5.069ns
    Clock Pessimism Removal (CPR):    0.274ns
  Clock Uncertainty:      0.035ns  ((TSJ^2 + TIJ^2)^1/2 + DJ) / 2 + PE
    Total System Jitter     (TSJ):    0.071ns
    Total Input Jitter      (TIJ):    0.000ns
    Discrete Jitter          (DJ):    0.000ns
    Phase Error              (PE):    0.000ns

    Location             Delay type                Incr(ns)  Path(ns)    Netlist Resource(s)
  -------------------------------------------------------------------    -------------------
                         (clock sys_clk rise edge)    0.000     0.000 r  
    W5                                                0.000     0.000 r  clk (IN)
                         net (fo=0)                   0.000     0.000    clk
    W5                   IBUF (Prop_ibuf_I_O)         1.458     1.458 r  clk_IBUF_inst/O
                         net (fo=1, routed)           1.967     3.425    clk_IBUF
    BUFGCTRL_X0Y0        BUFG (Prop_bufg_I_O)         0.096     3.521 r  clk_IBUF_BUFG_inst/O
                         net (fo=118, routed)         1.548     5.069    u_switches/clk_IBUF_BUFG
    SLICE_X42Y23         FDRE                                         r  u_switches/readData_reg[12]/C
  -------------------------------------------------------------------    -------------------
    SLICE_X42Y23         FDRE (Prop_fdre_C_Q)         0.518     5.587 f  u_switches/readData_reg[12]/Q
                         net (fo=4, routed)           0.972     6.559    u_switches/sel0[10]
    SLICE_X41Y21         LUT5 (Prop_lut5_I2_O)        0.152     6.711 f  u_switches/counter[0]_i_5/O
                         net (fo=1, routed)           0.625     7.336    u_switches/counter[0]_i_5_n_0
    SLICE_X40Y21         LUT6 (Prop_lut6_I5_O)        0.326     7.662 r  u_switches/counter[0]_i_2/O
                         net (fo=2, routed)           0.416     8.078    u_switches/counter[0]_i_2_n_0
    SLICE_X39Y21         LUT4 (Prop_lut4_I1_O)        0.124     8.202 r  u_switches/counter[15]_i_4/O
                         net (fo=4, routed)           0.818     9.020    u_db/counter_reg[15]
    SLICE_X39Y23         LUT2 (Prop_lut2_I1_O)        0.152     9.172 r  u_db/counter[15]_i_1/O
                         net (fo=12, routed)          0.671     9.844    u_db_n_2
    SLICE_X41Y24         FDRE                                         r  counter_reg[6]/R
  -------------------------------------------------------------------    -------------------

                         (clock sys_clk rise edge)   10.000    10.000 r  
    W5                                                0.000    10.000 r  clk (IN)
                         net (fo=0)                   0.000    10.000    clk
    W5                   IBUF (Prop_ibuf_I_O)         1.388    11.388 r  clk_IBUF_inst/O
                         net (fo=1, routed)           1.862    13.250    clk_IBUF
    BUFGCTRL_X0Y0        BUFG (Prop_bufg_I_O)         0.091    13.341 r  clk_IBUF_BUFG_inst/O
                         net (fo=118, routed)         1.430    14.771    clk_IBUF_BUFG
    SLICE_X41Y24         FDRE                                         r  counter_reg[6]/C
                         clock pessimism              0.274    15.045    
                         clock uncertainty           -0.035    15.010    
    SLICE_X41Y24         FDRE (Setup_fdre_C_R)       -0.631    14.379    counter_reg[6]
  -------------------------------------------------------------------
                         required time                         14.379    
                         arrival time                          -9.844    
  -------------------------------------------------------------------
                         slack                                  4.535    

Slack (MET) :             4.535ns  (required time - arrival time)
  Source:                 u_switches/readData_reg[12]/C
                            (rising edge-triggered cell FDRE clocked by sys_clk  {rise@0.000ns fall@5.000ns period=10.000ns})
  Destination:            counter_reg[9]/R
                            (rising edge-triggered cell FDRE clocked by sys_clk  {rise@0.000ns fall@5.000ns period=10.000ns})
  Path Group:             sys_clk
  Path Type:              Setup (Max at Slow Process Corner)
  Requirement:            10.000ns  (sys_clk rise@10.000ns - sys_clk rise@0.000ns)
  Data Path Delay:        4.774ns  (logic 1.272ns (26.642%)  route 3.502ns (73.358%))
  Logic Levels:           4  (LUT2=1 LUT4=1 LUT5=1 LUT6=1)
  Clock Path Skew:        -0.024ns (DCD - SCD + CPR)
    Destination Clock Delay (DCD):    4.771ns = ( 14.771 - 10.000 ) 
    Source Clock Delay      (SCD):    5.069ns
    Clock Pessimism Removal (CPR):    0.274ns
  Clock Uncertainty:      0.035ns  ((TSJ^2 + TIJ^2)^1/2 + DJ) / 2 + PE
    Total System Jitter     (TSJ):    0.071ns
    Total Input Jitter      (TIJ):    0.000ns
    Discrete Jitter          (DJ):    0.000ns
    Phase Error              (PE):    0.000ns

    Location             Delay type                Incr(ns)  Path(ns)    Netlist Resource(s)
  -------------------------------------------------------------------    -------------------
                         (clock sys_clk rise edge)    0.000     0.000 r  
    W5                                                0.000     0.000 r  clk (IN)
                         net (fo=0)                   0.000     0.000    clk
    W5                   IBUF (Prop_ibuf_I_O)         1.458     1.458 r  clk_IBUF_inst/O
                         net (fo=1, routed)           1.967     3.425    clk_IBUF
    BUFGCTRL_X0Y0        BUFG (Prop_bufg_I_O)         0.096     3.521 r  clk_IBUF_BUFG_inst/O
                         net (fo=118, routed)         1.548     5.069    u_switches/clk_IBUF_BUFG
    SLICE_X42Y23         FDRE                                         r  u_switches/readData_reg[12]/C
  -------------------------------------------------------------------    -------------------
    SLICE_X42Y23         FDRE (Prop_fdre_C_Q)         0.518     5.587 f  u_switches/readData_reg[12]/Q
                         net (fo=4, routed)           0.972     6.559    u_switches/sel0[10]
    SLICE_X41Y21         LUT5 (Prop_lut5_I2_O)        0.152     6.711 f  u_switches/counter[0]_i_5/O
                         net (fo=1, routed)           0.625     7.336    u_switches/counter[0]_i_5_n_0
    SLICE_X40Y21         LUT6 (Prop_lut6_I5_O)        0.326     7.662 r  u_switches/counter[0]_i_2/O
                         net (fo=2, routed)           0.416     8.078    u_switches/counter[0]_i_2_n_0
    SLICE_X39Y21         LUT4 (Prop_lut4_I1_O)        0.124     8.202 r  u_switches/counter[15]_i_4/O
                         net (fo=4, routed)           0.818     9.020    u_db/counter_reg[15]
    SLICE_X39Y23         LUT2 (Prop_lut2_I1_O)        0.152     9.172 r  u_db/counter[15]_i_1/O
                         net (fo=12, routed)          0.671     9.844    u_db_n_2
    SLICE_X41Y24         FDRE                                         r  counter_reg[9]/R
  -------------------------------------------------------------------    -------------------

                         (clock sys_clk rise edge)   10.000    10.000 r  
    W5                                                0.000    10.000 r  clk (IN)
                         net (fo=0)                   0.000    10.000    clk
    W5                   IBUF (Prop_ibuf_I_O)         1.388    11.388 r  clk_IBUF_inst/O
                         net (fo=1, routed)           1.862    13.250    clk_IBUF
    BUFGCTRL_X0Y0        BUFG (Prop_bufg_I_O)         0.091    13.341 r  clk_IBUF_BUFG_inst/O
                         net (fo=118, routed)         1.430    14.771    clk_IBUF_BUFG
    SLICE_X41Y24         FDRE                                         r  counter_reg[9]/C
                         clock pessimism              0.274    15.045    
                         clock uncertainty           -0.035    15.010    
    SLICE_X41Y24         FDRE (Setup_fdre_C_R)       -0.631    14.379    counter_reg[9]
  -------------------------------------------------------------------
                         required time                         14.379    
                         arrival time                          -9.844    
  -------------------------------------------------------------------
                         slack                                  4.535    

Slack (MET) :             4.603ns  (required time - arrival time)
  Source:                 timer_reg[22]/C
                            (rising edge-triggered cell FDRE clocked by sys_clk  {rise@0.000ns fall@5.000ns period=10.000ns})
  Destination:            timer_reg[28]/R
                            (rising edge-triggered cell FDRE clocked by sys_clk  {rise@0.000ns fall@5.000ns period=10.000ns})
  Path Group:             sys_clk
  Path Type:              Setup (Max at Slow Process Corner)
  Requirement:            10.000ns  (sys_clk rise@10.000ns - sys_clk rise@0.000ns)
  Data Path Delay:        4.913ns  (logic 0.952ns (19.377%)  route 3.961ns (80.623%))
  Logic Levels:           4  (LUT2=1 LUT4=2 LUT5=1)
  Clock Path Skew:        -0.019ns (DCD - SCD + CPR)
    Destination Clock Delay (DCD):    4.775ns = ( 14.775 - 10.000 ) 
    Source Clock Delay      (SCD):    5.069ns
    Clock Pessimism Removal (CPR):    0.275ns
  Clock Uncertainty:      0.035ns  ((TSJ^2 + TIJ^2)^1/2 + DJ) / 2 + PE
    Total System Jitter     (TSJ):    0.071ns
    Total Input Jitter      (TIJ):    0.000ns
    Discrete Jitter          (DJ):    0.000ns
    Phase Error              (PE):    0.000ns

    Location             Delay type                Incr(ns)  Path(ns)    Netlist Resource(s)
  -------------------------------------------------------------------    -------------------
                         (clock sys_clk rise edge)    0.000     0.000 r  
    W5                                                0.000     0.000 r  clk (IN)
                         net (fo=0)                   0.000     0.000    clk
    W5                   IBUF (Prop_ibuf_I_O)         1.458     1.458 r  clk_IBUF_inst/O
                         net (fo=1, routed)           1.967     3.425    clk_IBUF
    BUFGCTRL_X0Y0        BUFG (Prop_bufg_I_O)         0.096     3.521 r  clk_IBUF_BUFG_inst/O
                         net (fo=118, routed)         1.548     5.069    clk_IBUF_BUFG
    SLICE_X37Y27         FDRE                                         r  timer_reg[22]/C
  -------------------------------------------------------------------    -------------------
    SLICE_X37Y27         FDRE (Prop_fdre_C_Q)         0.456     5.525 r  timer_reg[22]/Q
                         net (fo=2, routed)           0.857     6.382    timer_reg[22]
    SLICE_X36Y27         LUT4 (Prop_lut4_I1_O)        0.124     6.506 f  counter[15]_i_18/O
                         net (fo=1, routed)           0.589     7.095    counter[15]_i_18_n_0
    SLICE_X36Y25         LUT5 (Prop_lut5_I4_O)        0.124     7.219 f  counter[15]_i_10/O
                         net (fo=1, routed)           0.669     7.888    counter[15]_i_10_n_0
    SLICE_X36Y25         LUT4 (Prop_lut4_I0_O)        0.124     8.012 r  counter[15]_i_6/O
                         net (fo=3, routed)           0.856     8.868    u_db/timer_reg[31]
    SLICE_X37Y21         LUT2 (Prop_lut2_I1_O)        0.124     8.992 r  u_db/timer[0]_i_1/O
                         net (fo=32, routed)          0.990     9.982    u_db_n_1
    SLICE_X37Y29         FDRE                                         r  timer_reg[28]/R
  -------------------------------------------------------------------    -------------------

                         (clock sys_clk rise edge)   10.000    10.000 r  
    W5                                                0.000    10.000 r  clk (IN)
                         net (fo=0)                   0.000    10.000    clk
    W5                   IBUF (Prop_ibuf_I_O)         1.388    11.388 r  clk_IBUF_inst/O
                         net (fo=1, routed)           1.862    13.250    clk_IBUF
    BUFGCTRL_X0Y0        BUFG (Prop_bufg_I_O)         0.091    13.341 r  clk_IBUF_BUFG_inst/O
                         net (fo=118, routed)         1.434    14.775    clk_IBUF_BUFG
    SLICE_X37Y29         FDRE                                         r  timer_reg[28]/C
                         clock pessimism              0.275    15.050    
                         clock uncertainty           -0.035    15.015    
    SLICE_X37Y29         FDRE (Setup_fdre_C_R)       -0.429    14.586    timer_reg[28]
  -------------------------------------------------------------------
                         required time                         14.586    
                         arrival time                          -9.982    
  -------------------------------------------------------------------
                         slack                                  4.603    

Slack (MET) :             4.603ns  (required time - arrival time)
  Source:                 timer_reg[22]/C
                            (rising edge-triggered cell FDRE clocked by sys_clk  {rise@0.000ns fall@5.000ns period=10.000ns})
  Destination:            timer_reg[29]/R
                            (rising edge-triggered cell FDRE clocked by sys_clk  {rise@0.000ns fall@5.000ns period=10.000ns})
  Path Group:             sys_clk
  Path Type:              Setup (Max at Slow Process Corner)
  Requirement:            10.000ns  (sys_clk rise@10.000ns - sys_clk rise@0.000ns)
  Data Path Delay:        4.913ns  (logic 0.952ns (19.377%)  route 3.961ns (80.623%))
  Logic Levels:           4  (LUT2=1 LUT4=2 LUT5=1)
  Clock Path Skew:        -0.019ns (DCD - SCD + CPR)
    Destination Clock Delay (DCD):    4.775ns = ( 14.775 - 10.000 ) 
    Source Clock Delay      (SCD):    5.069ns
    Clock Pessimism Removal (CPR):    0.275ns
  Clock Uncertainty:      0.035ns  ((TSJ^2 + TIJ^2)^1/2 + DJ) / 2 + PE
    Total System Jitter     (TSJ):    0.071ns
    Total Input Jitter      (TIJ):    0.000ns
    Discrete Jitter          (DJ):    0.000ns
    Phase Error              (PE):    0.000ns

    Location             Delay type                Incr(ns)  Path(ns)    Netlist Resource(s)
  -------------------------------------------------------------------    -------------------
                         (clock sys_clk rise edge)    0.000     0.000 r  
    W5                                                0.000     0.000 r  clk (IN)
                         net (fo=0)                   0.000     0.000    clk
    W5                   IBUF (Prop_ibuf_I_O)         1.458     1.458 r  clk_IBUF_inst/O
                         net (fo=1, routed)           1.967     3.425    clk_IBUF
    BUFGCTRL_X0Y0        BUFG (Prop_bufg_I_O)         0.096     3.521 r  clk_IBUF_BUFG_inst/O
                         net (fo=118, routed)         1.548     5.069    clk_IBUF_BUFG
    SLICE_X37Y27         FDRE                                         r  timer_reg[22]/C
  -------------------------------------------------------------------    -------------------
    SLICE_X37Y27         FDRE (Prop_fdre_C_Q)         0.456     5.525 r  timer_reg[22]/Q
                         net (fo=2, routed)           0.857     6.382    timer_reg[22]
    SLICE_X36Y27         LUT4 (Prop_lut4_I1_O)        0.124     6.506 f  counter[15]_i_18/O
                         net (fo=1, routed)           0.589     7.095    counter[15]_i_18_n_0
    SLICE_X36Y25         LUT5 (Prop_lut5_I4_O)        0.124     7.219 f  counter[15]_i_10/O
                         net (fo=1, routed)           0.669     7.888    counter[15]_i_10_n_0
    SLICE_X36Y25         LUT4 (Prop_lut4_I0_O)        0.124     8.012 r  counter[15]_i_6/O
                         net (fo=3, routed)           0.856     8.868    u_db/timer_reg[31]
    SLICE_X37Y21         LUT2 (Prop_lut2_I1_O)        0.124     8.992 r  u_db/timer[0]_i_1/O
                         net (fo=32, routed)          0.990     9.982    u_db_n_1
    SLICE_X37Y29         FDRE                                         r  timer_reg[29]/R
  -------------------------------------------------------------------    -------------------

                         (clock sys_clk rise edge)   10.000    10.000 r  
    W5                                                0.000    10.000 r  clk (IN)
                         net (fo=0)                   0.000    10.000    clk
    W5                   IBUF (Prop_ibuf_I_O)         1.388    11.388 r  clk_IBUF_inst/O
                         net (fo=1, routed)           1.862    13.250    clk_IBUF
    BUFGCTRL_X0Y0        BUFG (Prop_bufg_I_O)         0.091    13.341 r  clk_IBUF_BUFG_inst/O
                         net (fo=118, routed)         1.434    14.775    clk_IBUF_BUFG
    SLICE_X37Y29         FDRE                                         r  timer_reg[29]/C
                         clock pessimism              0.275    15.050    
                         clock uncertainty           -0.035    15.015    
    SLICE_X37Y29         FDRE (Setup_fdre_C_R)       -0.429    14.586    timer_reg[29]
  -------------------------------------------------------------------
                         required time                         14.586    
                         arrival time                          -9.982    
  -------------------------------------------------------------------
                         slack                                  4.603    

Slack (MET) :             4.603ns  (required time - arrival time)
  Source:                 timer_reg[22]/C
                            (rising edge-triggered cell FDRE clocked by sys_clk  {rise@0.000ns fall@5.000ns period=10.000ns})
  Destination:            timer_reg[30]/R
                            (rising edge-triggered cell FDRE clocked by sys_clk  {rise@0.000ns fall@5.000ns period=10.000ns})
  Path Group:             sys_clk
  Path Type:              Setup (Max at Slow Process Corner)
  Requirement:            10.000ns  (sys_clk rise@10.000ns - sys_clk rise@0.000ns)
  Data Path Delay:        4.913ns  (logic 0.952ns (19.377%)  route 3.961ns (80.623%))
  Logic Levels:           4  (LUT2=1 LUT4=2 LUT5=1)
  Clock Path Skew:        -0.019ns (DCD - SCD + CPR)
    Destination Clock Delay (DCD):    4.775ns = ( 14.775 - 10.000 ) 
    Source Clock Delay      (SCD):    5.069ns
    Clock Pessimism Removal (CPR):    0.275ns
  Clock Uncertainty:      0.035ns  ((TSJ^2 + TIJ^2)^1/2 + DJ) / 2 + PE
    Total System Jitter     (TSJ):    0.071ns
    Total Input Jitter      (TIJ):    0.000ns
    Discrete Jitter          (DJ):    0.000ns
    Phase Error              (PE):    0.000ns

    Location             Delay type                Incr(ns)  Path(ns)    Netlist Resource(s)
  -------------------------------------------------------------------    -------------------
                         (clock sys_clk rise edge)    0.000     0.000 r  
    W5                                                0.000     0.000 r  clk (IN)
                         net (fo=0)                   0.000     0.000    clk
    W5                   IBUF (Prop_ibuf_I_O)         1.458     1.458 r  clk_IBUF_inst/O
                         net (fo=1, routed)           1.967     3.425    clk_IBUF
    BUFGCTRL_X0Y0        BUFG (Prop_bufg_I_O)         0.096     3.521 r  clk_IBUF_BUFG_inst/O
                         net (fo=118, routed)         1.548     5.069    clk_IBUF_BUFG
    SLICE_X37Y27         FDRE                                         r  timer_reg[22]/C
  -------------------------------------------------------------------    -------------------
    SLICE_X37Y27         FDRE (Prop_fdre_C_Q)         0.456     5.525 r  timer_reg[22]/Q
                         net (fo=2, routed)           0.857     6.382    timer_reg[22]
    SLICE_X36Y27         LUT4 (Prop_lut4_I1_O)        0.124     6.506 f  counter[15]_i_18/O
                         net (fo=1, routed)           0.589     7.095    counter[15]_i_18_n_0
    SLICE_X36Y25         LUT5 (Prop_lut5_I4_O)        0.124     7.219 f  counter[15]_i_10/O
                         net (fo=1, routed)           0.669     7.888    counter[15]_i_10_n_0
    SLICE_X36Y25         LUT4 (Prop_lut4_I0_O)        0.124     8.012 r  counter[15]_i_6/O
                         net (fo=3, routed)           0.856     8.868    u_db/timer_reg[31]
    SLICE_X37Y21         LUT2 (Prop_lut2_I1_O)        0.124     8.992 r  u_db/timer[0]_i_1/O
                         net (fo=32, routed)          0.990     9.982    u_db_n_1
    SLICE_X37Y29         FDRE                                         r  timer_reg[30]/R
  -------------------------------------------------------------------    -------------------

                         (clock sys_clk rise edge)   10.000    10.000 r  
    W5                                                0.000    10.000 r  clk (IN)
                         net (fo=0)                   0.000    10.000    clk
    W5                   IBUF (Prop_ibuf_I_O)         1.388    11.388 r  clk_IBUF_inst/O
                         net (fo=1, routed)           1.862    13.250    clk_IBUF
    BUFGCTRL_X0Y0        BUFG (Prop_bufg_I_O)         0.091    13.341 r  clk_IBUF_BUFG_inst/O
                         net (fo=118, routed)         1.434    14.775    clk_IBUF_BUFG
    SLICE_X37Y29         FDRE                                         r  timer_reg[30]/C
                         clock pessimism              0.275    15.050    
                         clock uncertainty           -0.035    15.015    
    SLICE_X37Y29         FDRE (Setup_fdre_C_R)       -0.429    14.586    timer_reg[30]
  -------------------------------------------------------------------
                         required time                         14.586    
                         arrival time                          -9.982    
  -------------------------------------------------------------------
                         slack                                  4.603    

Slack (MET) :             4.603ns  (required time - arrival time)
  Source:                 timer_reg[22]/C
                            (rising edge-triggered cell FDRE clocked by sys_clk  {rise@0.000ns fall@5.000ns period=10.000ns})
  Destination:            timer_reg[31]/R
                            (rising edge-triggered cell FDRE clocked by sys_clk  {rise@0.000ns fall@5.000ns period=10.000ns})
  Path Group:             sys_clk
  Path Type:              Setup (Max at Slow Process Corner)
  Requirement:            10.000ns  (sys_clk rise@10.000ns - sys_clk rise@0.000ns)
  Data Path Delay:        4.913ns  (logic 0.952ns (19.377%)  route 3.961ns (80.623%))
  Logic Levels:           4  (LUT2=1 LUT4=2 LUT5=1)
  Clock Path Skew:        -0.019ns (DCD - SCD + CPR)
    Destination Clock Delay (DCD):    4.775ns = ( 14.775 - 10.000 ) 
    Source Clock Delay      (SCD):    5.069ns
    Clock Pessimism Removal (CPR):    0.275ns
  Clock Uncertainty:      0.035ns  ((TSJ^2 + TIJ^2)^1/2 + DJ) / 2 + PE
    Total System Jitter     (TSJ):    0.071ns
    Total Input Jitter      (TIJ):    0.000ns
    Discrete Jitter          (DJ):    0.000ns
    Phase Error              (PE):    0.000ns

    Location             Delay type                Incr(ns)  Path(ns)    Netlist Resource(s)
  -------------------------------------------------------------------    -------------------
                         (clock sys_clk rise edge)    0.000     0.000 r  
    W5                                                0.000     0.000 r  clk (IN)
                         net (fo=0)                   0.000     0.000    clk
    W5                   IBUF (Prop_ibuf_I_O)         1.458     1.458 r  clk_IBUF_inst/O
                         net (fo=1, routed)           1.967     3.425    clk_IBUF
    BUFGCTRL_X0Y0        BUFG (Prop_bufg_I_O)         0.096     3.521 r  clk_IBUF_BUFG_inst/O
                         net (fo=118, routed)         1.548     5.069    clk_IBUF_BUFG
    SLICE_X37Y27         FDRE                                         r  timer_reg[22]/C
  -------------------------------------------------------------------    -------------------
    SLICE_X37Y27         FDRE (Prop_fdre_C_Q)         0.456     5.525 r  timer_reg[22]/Q
                         net (fo=2, routed)           0.857     6.382    timer_reg[22]
    SLICE_X36Y27         LUT4 (Prop_lut4_I1_O)        0.124     6.506 f  counter[15]_i_18/O
                         net (fo=1, routed)           0.589     7.095    counter[15]_i_18_n_0
    SLICE_X36Y25         LUT5 (Prop_lut5_I4_O)        0.124     7.219 f  counter[15]_i_10/O
                         net (fo=1, routed)           0.669     7.888    counter[15]_i_10_n_0
    SLICE_X36Y25         LUT4 (Prop_lut4_I0_O)        0.124     8.012 r  counter[15]_i_6/O
                         net (fo=3, routed)           0.856     8.868    u_db/timer_reg[31]
    SLICE_X37Y21         LUT2 (Prop_lut2_I1_O)        0.124     8.992 r  u_db/timer[0]_i_1/O
                         net (fo=32, routed)          0.990     9.982    u_db_n_1
    SLICE_X37Y29         FDRE                                         r  timer_reg[31]/R
  -------------------------------------------------------------------    -------------------

                         (clock sys_clk rise edge)   10.000    10.000 r  
    W5                                                0.000    10.000 r  clk (IN)
                         net (fo=0)                   0.000    10.000    clk
    W5                   IBUF (Prop_ibuf_I_O)         1.388    11.388 r  clk_IBUF_inst/O
                         net (fo=1, routed)           1.862    13.250    clk_IBUF
    BUFGCTRL_X0Y0        BUFG (Prop_bufg_I_O)         0.091    13.341 r  clk_IBUF_BUFG_inst/O
                         net (fo=118, routed)         1.434    14.775    clk_IBUF_BUFG
    SLICE_X37Y29         FDRE                                         r  timer_reg[31]/C
                         clock pessimism              0.275    15.050    
                         clock uncertainty           -0.035    15.015    
    SLICE_X37Y29         FDRE (Setup_fdre_C_R)       -0.429    14.586    timer_reg[31]
  -------------------------------------------------------------------
                         required time                         14.586    
                         arrival time                          -9.982    
  -------------------------------------------------------------------
                         slack                                  4.603    

Slack (MET) :             4.640ns  (required time - arrival time)
  Source:                 u_switches/readData_reg[12]/C
                            (rising edge-triggered cell FDRE clocked by sys_clk  {rise@0.000ns fall@5.000ns period=10.000ns})
  Destination:            counter_reg[10]/R
                            (rising edge-triggered cell FDRE clocked by sys_clk  {rise@0.000ns fall@5.000ns period=10.000ns})
  Path Group:             sys_clk
  Path Type:              Setup (Max at Slow Process Corner)
  Requirement:            10.000ns  (sys_clk rise@10.000ns - sys_clk rise@0.000ns)
  Data Path Delay:        4.656ns  (logic 1.272ns (27.321%)  route 3.384ns (72.679%))
  Logic Levels:           4  (LUT2=1 LUT4=1 LUT5=1 LUT6=1)
  Clock Path Skew:        -0.038ns (DCD - SCD + CPR)
    Destination Clock Delay (DCD):    4.771ns = ( 14.771 - 10.000 ) 
    Source Clock Delay      (SCD):    5.069ns
    Clock Pessimism Removal (CPR):    0.260ns
  Clock Uncertainty:      0.035ns  ((TSJ^2 + TIJ^2)^1/2 + DJ) / 2 + PE
    Total System Jitter     (TSJ):    0.071ns
    Total Input Jitter      (TIJ):    0.000ns
    Discrete Jitter          (DJ):    0.000ns
    Phase Error              (PE):    0.000ns

    Location             Delay type                Incr(ns)  Path(ns)    Netlist Resource(s)
  -------------------------------------------------------------------    -------------------
                         (clock sys_clk rise edge)    0.000     0.000 r  
    W5                                                0.000     0.000 r  clk (IN)
                         net (fo=0)                   0.000     0.000    clk
    W5                   IBUF (Prop_ibuf_I_O)         1.458     1.458 r  clk_IBUF_inst/O
                         net (fo=1, routed)           1.967     3.425    clk_IBUF
    BUFGCTRL_X0Y0        BUFG (Prop_bufg_I_O)         0.096     3.521 r  clk_IBUF_BUFG_inst/O
                         net (fo=118, routed)         1.548     5.069    u_switches/clk_IBUF_BUFG
    SLICE_X42Y23         FDRE                                         r  u_switches/readData_reg[12]/C
  -------------------------------------------------------------------    -------------------
    SLICE_X42Y23         FDRE (Prop_fdre_C_Q)         0.518     5.587 f  u_switches/readData_reg[12]/Q
                         net (fo=4, routed)           0.972     6.559    u_switches/sel0[10]
    SLICE_X41Y21         LUT5 (Prop_lut5_I2_O)        0.152     6.711 f  u_switches/counter[0]_i_5/O
                         net (fo=1, routed)           0.625     7.336    u_switches/counter[0]_i_5_n_0
    SLICE_X40Y21         LUT6 (Prop_lut6_I5_O)        0.326     7.662 r  u_switches/counter[0]_i_2/O
                         net (fo=2, routed)           0.416     8.078    u_switches/counter[0]_i_2_n_0
    SLICE_X39Y21         LUT4 (Prop_lut4_I1_O)        0.124     8.202 r  u_switches/counter[15]_i_4/O
                         net (fo=4, routed)           0.818     9.020    u_db/counter_reg[15]
    SLICE_X39Y23         LUT2 (Prop_lut2_I1_O)        0.152     9.172 r  u_db/counter[15]_i_1/O
                         net (fo=12, routed)          0.553     9.725    u_db_n_2
    SLICE_X41Y25         FDRE                                         r  counter_reg[10]/R
  -------------------------------------------------------------------    -------------------

                         (clock sys_clk rise edge)   10.000    10.000 r  
    W5                                                0.000    10.000 r  clk (IN)
                         net (fo=0)                   0.000    10.000    clk
    W5                   IBUF (Prop_ibuf_I_O)         1.388    11.388 r  clk_IBUF_inst/O
                         net (fo=1, routed)           1.862    13.250    clk_IBUF
    BUFGCTRL_X0Y0        BUFG (Prop_bufg_I_O)         0.091    13.341 r  clk_IBUF_BUFG_inst/O
                         net (fo=118, routed)         1.430    14.771    clk_IBUF_BUFG
    SLICE_X41Y25         FDRE                                         r  counter_reg[10]/C
                         clock pessimism              0.260    15.031    
                         clock uncertainty           -0.035    14.996    
    SLICE_X41Y25         FDRE (Setup_fdre_C_R)       -0.631    14.365    counter_reg[10]
  -------------------------------------------------------------------
                         required time                         14.365    
                         arrival time                          -9.725    
  -------------------------------------------------------------------
                         slack                                  4.640    

Slack (MET) :             4.640ns  (required time - arrival time)
  Source:                 u_switches/readData_reg[12]/C
                            (rising edge-triggered cell FDRE clocked by sys_clk  {rise@0.000ns fall@5.000ns period=10.000ns})
  Destination:            counter_reg[13]/R
                            (rising edge-triggered cell FDRE clocked by sys_clk  {rise@0.000ns fall@5.000ns period=10.000ns})
  Path Group:             sys_clk
  Path Type:              Setup (Max at Slow Process Corner)
  Requirement:            10.000ns  (sys_clk rise@10.000ns - sys_clk rise@0.000ns)
  Data Path Delay:        4.656ns  (logic 1.272ns (27.321%)  route 3.384ns (72.679%))
  Logic Levels:           4  (LUT2=1 LUT4=1 LUT5=1 LUT6=1)
  Clock Path Skew:        -0.038ns (DCD - SCD + CPR)
    Destination Clock Delay (DCD):    4.771ns = ( 14.771 - 10.000 ) 
    Source Clock Delay      (SCD):    5.069ns
    Clock Pessimism Removal (CPR):    0.260ns
  Clock Uncertainty:      0.035ns  ((TSJ^2 + TIJ^2)^1/2 + DJ) / 2 + PE
    Total System Jitter     (TSJ):    0.071ns
    Total Input Jitter      (TIJ):    0.000ns
    Discrete Jitter          (DJ):    0.000ns
    Phase Error              (PE):    0.000ns

    Location             Delay type                Incr(ns)  Path(ns)    Netlist Resource(s)
  -------------------------------------------------------------------    -------------------
                         (clock sys_clk rise edge)    0.000     0.000 r  
    W5                                                0.000     0.000 r  clk (IN)
                         net (fo=0)                   0.000     0.000    clk
    W5                   IBUF (Prop_ibuf_I_O)         1.458     1.458 r  clk_IBUF_inst/O
                         net (fo=1, routed)           1.967     3.425    clk_IBUF
    BUFGCTRL_X0Y0        BUFG (Prop_bufg_I_O)         0.096     3.521 r  clk_IBUF_BUFG_inst/O
                         net (fo=118, routed)         1.548     5.069    u_switches/clk_IBUF_BUFG
    SLICE_X42Y23         FDRE                                         r  u_switches/readData_reg[12]/C
  -------------------------------------------------------------------    -------------------
    SLICE_X42Y23         FDRE (Prop_fdre_C_Q)         0.518     5.587 f  u_switches/readData_reg[12]/Q
                         net (fo=4, routed)           0.972     6.559    u_switches/sel0[10]
    SLICE_X41Y21         LUT5 (Prop_lut5_I2_O)        0.152     6.711 f  u_switches/counter[0]_i_5/O
                         net (fo=1, routed)           0.625     7.336    u_switches/counter[0]_i_5_n_0
    SLICE_X40Y21         LUT6 (Prop_lut6_I5_O)        0.326     7.662 r  u_switches/counter[0]_i_2/O
                         net (fo=2, routed)           0.416     8.078    u_switches/counter[0]_i_2_n_0
    SLICE_X39Y21         LUT4 (Prop_lut4_I1_O)        0.124     8.202 r  u_switches/counter[15]_i_4/O
                         net (fo=4, routed)           0.818     9.020    u_db/counter_reg[15]
    SLICE_X39Y23         LUT2 (Prop_lut2_I1_O)        0.152     9.172 r  u_db/counter[15]_i_1/O
                         net (fo=12, routed)          0.553     9.725    u_db_n_2
    SLICE_X41Y25         FDRE                                         r  counter_reg[13]/R
  -------------------------------------------------------------------    -------------------

                         (clock sys_clk rise edge)   10.000    10.000 r  
    W5                                                0.000    10.000 r  clk (IN)
                         net (fo=0)                   0.000    10.000    clk
    W5                   IBUF (Prop_ibuf_I_O)         1.388    11.388 r  clk_IBUF_inst/O
                         net (fo=1, routed)           1.862    13.250    clk_IBUF
    BUFGCTRL_X0Y0        BUFG (Prop_bufg_I_O)         0.091    13.341 r  clk_IBUF_BUFG_inst/O
                         net (fo=118, routed)         1.430    14.771    clk_IBUF_BUFG
    SLICE_X41Y25         FDRE                                         r  counter_reg[13]/C
                         clock pessimism              0.260    15.031    
                         clock uncertainty           -0.035    14.996    
    SLICE_X41Y25         FDRE (Setup_fdre_C_R)       -0.631    14.365    counter_reg[13]
  -------------------------------------------------------------------
                         required time                         14.365    
                         arrival time                          -9.725    
  -------------------------------------------------------------------
                         slack                                  4.640    





Min Delay Paths
--------------------------------------------------------------------------------------
Slack (MET) :             0.180ns  (arrival time - required time)
  Source:                 counter_reg[14]/C
                            (rising edge-triggered cell FDRE clocked by sys_clk  {rise@0.000ns fall@5.000ns period=10.000ns})
  Destination:            led_writeData_reg[14]/D
                            (rising edge-triggered cell FDRE clocked by sys_clk  {rise@0.000ns fall@5.000ns period=10.000ns})
  Path Group:             sys_clk
  Path Type:              Hold (Min at Fast Process Corner)
  Requirement:            0.000ns  (sys_clk rise@0.000ns - sys_clk rise@0.000ns)
  Data Path Delay:        0.282ns  (logic 0.141ns (50.086%)  route 0.141ns (49.914%))
  Logic Levels:           0  
  Clock Path Skew:        0.032ns (DCD - SCD - CPR)
    Destination Clock Delay (DCD):    1.943ns
    Source Clock Delay      (SCD):    1.433ns
    Clock Pessimism Removal (CPR):    0.478ns

    Location             Delay type                Incr(ns)  Path(ns)    Netlist Resource(s)
  -------------------------------------------------------------------    -------------------
                         (clock sys_clk rise edge)    0.000     0.000 r  
    W5                                                0.000     0.000 r  clk (IN)
                         net (fo=0)                   0.000     0.000    clk
    W5                   IBUF (Prop_ibuf_I_O)         0.226     0.226 r  clk_IBUF_inst/O
                         net (fo=1, routed)           0.631     0.858    clk_IBUF
    BUFGCTRL_X0Y0        BUFG (Prop_bufg_I_O)         0.026     0.884 r  clk_IBUF_BUFG_inst/O
                         net (fo=118, routed)         0.550     1.433    clk_IBUF_BUFG
    SLICE_X41Y25         FDRE                                         r  counter_reg[14]/C
  -------------------------------------------------------------------    -------------------
    SLICE_X41Y25         FDRE (Prop_fdre_C_Q)         0.141     1.574 r  counter_reg[14]/Q
                         net (fo=4, routed)           0.141     1.715    counter__0[14]
    SLICE_X39Y25         FDRE                                         r  led_writeData_reg[14]/D
  -------------------------------------------------------------------    -------------------

                         (clock sys_clk rise edge)    0.000     0.000 r  
    W5                                                0.000     0.000 r  clk (IN)
                         net (fo=0)                   0.000     0.000    clk
    W5                   IBUF (Prop_ibuf_I_O)         0.414     0.414 r  clk_IBUF_inst/O
                         net (fo=1, routed)           0.685     1.099    clk_IBUF
    BUFGCTRL_X0Y0        BUFG (Prop_bufg_I_O)         0.029     1.128 r  clk_IBUF_BUFG_inst/O
                         net (fo=118, routed)         0.816     1.943    clk_IBUF_BUFG
    SLICE_X39Y25         FDRE                                         r  led_writeData_reg[14]/C
                         clock pessimism             -0.478     1.465    
    SLICE_X39Y25         FDRE (Hold_fdre_C_D)         0.070     1.535    led_writeData_reg[14]
  -------------------------------------------------------------------
                         required time                         -1.535    
                         arrival time                           1.715    
  -------------------------------------------------------------------
                         slack                                  0.180    

Slack (MET) :             0.181ns  (arrival time - required time)
  Source:                 led_writeData_reg[15]/C
                            (rising edge-triggered cell FDRE clocked by sys_clk  {rise@0.000ns fall@5.000ns period=10.000ns})
  Destination:            u_leds/leds_reg[15]/D
                            (rising edge-triggered cell FDRE clocked by sys_clk  {rise@0.000ns fall@5.000ns period=10.000ns})
  Path Group:             sys_clk
  Path Type:              Hold (Min at Fast Process Corner)
  Requirement:            0.000ns  (sys_clk rise@0.000ns - sys_clk rise@0.000ns)
  Data Path Delay:        0.257ns  (logic 0.141ns (54.828%)  route 0.116ns (45.172%))
  Logic Levels:           0  
  Clock Path Skew:        0.013ns (DCD - SCD - CPR)
    Destination Clock Delay (DCD):    1.943ns
    Source Clock Delay      (SCD):    1.433ns
    Clock Pessimism Removal (CPR):    0.497ns

    Location             Delay type                Incr(ns)  Path(ns)    Netlist Resource(s)
  -------------------------------------------------------------------    -------------------
                         (clock sys_clk rise edge)    0.000     0.000 r  
    W5                                                0.000     0.000 r  clk (IN)
                         net (fo=0)                   0.000     0.000    clk
    W5                   IBUF (Prop_ibuf_I_O)         0.226     0.226 r  clk_IBUF_inst/O
                         net (fo=1, routed)           0.631     0.858    clk_IBUF
    BUFGCTRL_X0Y0        BUFG (Prop_bufg_I_O)         0.026     0.884 r  clk_IBUF_BUFG_inst/O
                         net (fo=118, routed)         0.550     1.433    clk_IBUF_BUFG
    SLICE_X39Y25         FDRE                                         r  led_writeData_reg[15]/C
  -------------------------------------------------------------------    -------------------
    SLICE_X39Y25         FDRE (Prop_fdre_C_Q)         0.141     1.574 r  led_writeData_reg[15]/Q
                         net (fo=1, routed)           0.116     1.690    u_leds/Q[15]
    SLICE_X38Y25         FDRE                                         r  u_leds/leds_reg[15]/D
  -------------------------------------------------------------------    -------------------

                         (clock sys_clk rise edge)    0.000     0.000 r  
    W5                                                0.000     0.000 r  clk (IN)
                         net (fo=0)                   0.000     0.000    clk
    W5                   IBUF (Prop_ibuf_I_O)         0.414     0.414 r  clk_IBUF_inst/O
                         net (fo=1, routed)           0.685     1.099    clk_IBUF
    BUFGCTRL_X0Y0        BUFG (Prop_bufg_I_O)         0.029     1.128 r  clk_IBUF_BUFG_inst/O
                         net (fo=118, routed)         0.816     1.943    u_leds/clk_IBUF_BUFG
    SLICE_X38Y25         FDRE                                         r  u_leds/leds_reg[15]/C
                         clock pessimism             -0.497     1.446    
    SLICE_X38Y25         FDRE (Hold_fdre_C_D)         0.063     1.509    u_leds/leds_reg[15]
  -------------------------------------------------------------------
                         required time                         -1.509    
                         arrival time                           1.690    
  -------------------------------------------------------------------
                         slack                                  0.181    

Slack (MET) :             0.190ns  (arrival time - required time)
  Source:                 u_switches/readData_reg[1]/C
                            (rising edge-triggered cell FDRE clocked by sys_clk  {rise@0.000ns fall@5.000ns period=10.000ns})
  Destination:            armed_reg/D
                            (rising edge-triggered cell FDRE clocked by sys_clk  {rise@0.000ns fall@5.000ns period=10.000ns})
  Path Group:             sys_clk
  Path Type:              Hold (Min at Fast Process Corner)
  Requirement:            0.000ns  (sys_clk rise@0.000ns - sys_clk rise@0.000ns)
  Data Path Delay:        0.294ns  (logic 0.186ns (63.363%)  route 0.108ns (36.637%))
  Logic Levels:           1  (LUT6=1)
  Clock Path Skew:        0.013ns (DCD - SCD - CPR)
    Destination Clock Delay (DCD):    1.947ns
    Source Clock Delay      (SCD):    1.437ns
    Clock Pessimism Removal (CPR):    0.497ns

    Location             Delay type                Incr(ns)  Path(ns)    Netlist Resource(s)
  -------------------------------------------------------------------    -------------------
                         (clock sys_clk rise edge)    0.000     0.000 r  
    W5                                                0.000     0.000 r  clk (IN)
                         net (fo=0)                   0.000     0.000    clk
    W5                   IBUF (Prop_ibuf_I_O)         0.226     0.226 r  clk_IBUF_inst/O
                         net (fo=1, routed)           0.631     0.858    clk_IBUF
    BUFGCTRL_X0Y0        BUFG (Prop_bufg_I_O)         0.026     0.884 r  clk_IBUF_BUFG_inst/O
                         net (fo=118, routed)         0.554     1.437    u_switches/clk_IBUF_BUFG
    SLICE_X37Y20         FDRE                                         r  u_switches/readData_reg[1]/C
  -------------------------------------------------------------------    -------------------
    SLICE_X37Y20         FDRE (Prop_fdre_C_Q)         0.141     1.578 f  u_switches/readData_reg[1]/Q
                         net (fo=2, routed)           0.108     1.686    u_switches/data0
    SLICE_X39Y21         LUT6 (Prop_lut6_I3_O)        0.045     1.731 r  u_switches/armed_i_1/O
                         net (fo=1, routed)           0.000     1.731    u_switches_n_2
    SLICE_X39Y21         FDRE                                         r  armed_reg/D
  -------------------------------------------------------------------    -------------------

                         (clock sys_clk rise edge)    0.000     0.000 r  
    W5                                                0.000     0.000 r  clk (IN)
                         net (fo=0)                   0.000     0.000    clk
    W5                   IBUF (Prop_ibuf_I_O)         0.414     0.414 r  clk_IBUF_inst/O
                         net (fo=1, routed)           0.685     1.099    clk_IBUF
    BUFGCTRL_X0Y0        BUFG (Prop_bufg_I_O)         0.029     1.128 r  clk_IBUF_BUFG_inst/O
                         net (fo=118, routed)         0.820     1.947    clk_IBUF_BUFG
    SLICE_X39Y21         FDRE                                         r  armed_reg/C
                         clock pessimism             -0.497     1.450    
    SLICE_X39Y21         FDRE (Hold_fdre_C_D)         0.091     1.541    armed_reg
  -------------------------------------------------------------------
                         required time                         -1.541    
                         arrival time                           1.731    
  -------------------------------------------------------------------
                         slack                                  0.190    

Slack (MET) :             0.192ns  (arrival time - required time)
  Source:                 led_writeData_reg[14]/C
                            (rising edge-triggered cell FDRE clocked by sys_clk  {rise@0.000ns fall@5.000ns period=10.000ns})
  Destination:            u_leds/leds_reg[14]/D
                            (rising edge-triggered cell FDRE clocked by sys_clk  {rise@0.000ns fall@5.000ns period=10.000ns})
  Path Group:             sys_clk
  Path Type:              Hold (Min at Fast Process Corner)
  Requirement:            0.000ns  (sys_clk rise@0.000ns - sys_clk rise@0.000ns)
  Data Path Delay:        0.257ns  (logic 0.141ns (54.828%)  route 0.116ns (45.172%))
  Logic Levels:           0  
  Clock Path Skew:        0.013ns (DCD - SCD - CPR)
    Destination Clock Delay (DCD):    1.943ns
    Source Clock Delay      (SCD):    1.433ns
    Clock Pessimism Removal (CPR):    0.497ns

    Location             Delay type                Incr(ns)  Path(ns)    Netlist Resource(s)
  -------------------------------------------------------------------    -------------------
                         (clock sys_clk rise edge)    0.000     0.000 r  
    W5                                                0.000     0.000 r  clk (IN)
                         net (fo=0)                   0.000     0.000    clk
    W5                   IBUF (Prop_ibuf_I_O)         0.226     0.226 r  clk_IBUF_inst/O
                         net (fo=1, routed)           0.631     0.858    clk_IBUF
    BUFGCTRL_X0Y0        BUFG (Prop_bufg_I_O)         0.026     0.884 r  clk_IBUF_BUFG_inst/O
                         net (fo=118, routed)         0.550     1.433    clk_IBUF_BUFG
    SLICE_X39Y25         FDRE                                         r  led_writeData_reg[14]/C
  -------------------------------------------------------------------    -------------------
    SLICE_X39Y25         FDRE (Prop_fdre_C_Q)         0.141     1.574 r  led_writeData_reg[14]/Q
                         net (fo=1, routed)           0.116     1.690    u_leds/Q[14]
    SLICE_X38Y25         FDRE                                         r  u_leds/leds_reg[14]/D
  -------------------------------------------------------------------    -------------------

                         (clock sys_clk rise edge)    0.000     0.000 r  
    W5                                                0.000     0.000 r  clk (IN)
                         net (fo=0)                   0.000     0.000    clk
    W5                   IBUF (Prop_ibuf_I_O)         0.414     0.414 r  clk_IBUF_inst/O
                         net (fo=1, routed)           0.685     1.099    clk_IBUF
    BUFGCTRL_X0Y0        BUFG (Prop_bufg_I_O)         0.029     1.128 r  clk_IBUF_BUFG_inst/O
                         net (fo=118, routed)         0.816     1.943    u_leds/clk_IBUF_BUFG
    SLICE_X38Y25         FDRE                                         r  u_leds/leds_reg[14]/C
                         clock pessimism             -0.497     1.446    
    SLICE_X38Y25         FDRE (Hold_fdre_C_D)         0.052     1.498    u_leds/leds_reg[14]
  -------------------------------------------------------------------
                         required time                         -1.498    
                         arrival time                           1.690    
  -------------------------------------------------------------------
                         slack                                  0.192    

Slack (MET) :             0.194ns  (arrival time - required time)
  Source:                 counter_reg[6]/C
                            (rising edge-triggered cell FDRE clocked by sys_clk  {rise@0.000ns fall@5.000ns period=10.000ns})
  Destination:            led_writeData_reg[6]/D
                            (rising edge-triggered cell FDRE clocked by sys_clk  {rise@0.000ns fall@5.000ns period=10.000ns})
  Path Group:             sys_clk
  Path Type:              Hold (Min at Fast Process Corner)
  Requirement:            0.000ns  (sys_clk rise@0.000ns - sys_clk rise@0.000ns)
  Data Path Delay:        0.274ns  (logic 0.141ns (51.512%)  route 0.133ns (48.488%))
  Logic Levels:           0  
  Clock Path Skew:        0.033ns (DCD - SCD - CPR)
    Destination Clock Delay (DCD):    1.944ns
    Source Clock Delay      (SCD):    1.433ns
    Clock Pessimism Removal (CPR):    0.478ns

    Location             Delay type                Incr(ns)  Path(ns)    Netlist Resource(s)
  -------------------------------------------------------------------    -------------------
                         (clock sys_clk rise edge)    0.000     0.000 r  
    W5                                                0.000     0.000 r  clk (IN)
                         net (fo=0)                   0.000     0.000    clk
    W5                   IBUF (Prop_ibuf_I_O)         0.226     0.226 r  clk_IBUF_inst/O
                         net (fo=1, routed)           0.631     0.858    clk_IBUF
    BUFGCTRL_X0Y0        BUFG (Prop_bufg_I_O)         0.026     0.884 r  clk_IBUF_BUFG_inst/O
                         net (fo=118, routed)         0.550     1.433    clk_IBUF_BUFG
    SLICE_X41Y24         FDRE                                         r  counter_reg[6]/C
  -------------------------------------------------------------------    -------------------
    SLICE_X41Y24         FDRE (Prop_fdre_C_Q)         0.141     1.574 r  counter_reg[6]/Q
                         net (fo=4, routed)           0.133     1.707    counter__0[6]
    SLICE_X39Y23         FDRE                                         r  led_writeData_reg[6]/D
  -------------------------------------------------------------------    -------------------

                         (clock sys_clk rise edge)    0.000     0.000 r  
    W5                                                0.000     0.000 r  clk (IN)
                         net (fo=0)                   0.000     0.000    clk
    W5                   IBUF (Prop_ibuf_I_O)         0.414     0.414 r  clk_IBUF_inst/O
                         net (fo=1, routed)           0.685     1.099    clk_IBUF
    BUFGCTRL_X0Y0        BUFG (Prop_bufg_I_O)         0.029     1.128 r  clk_IBUF_BUFG_inst/O
                         net (fo=118, routed)         0.817     1.944    clk_IBUF_BUFG
    SLICE_X39Y23         FDRE                                         r  led_writeData_reg[6]/C
                         clock pessimism             -0.478     1.466    
    SLICE_X39Y23         FDRE (Hold_fdre_C_D)         0.047     1.513    led_writeData_reg[6]
  -------------------------------------------------------------------
                         required time                         -1.513    
                         arrival time                           1.707    
  -------------------------------------------------------------------
                         slack                                  0.194    

Slack (MET) :             0.194ns  (arrival time - required time)
  Source:                 counter_reg[1]/C
                            (rising edge-triggered cell FDRE clocked by sys_clk  {rise@0.000ns fall@5.000ns period=10.000ns})
  Destination:            led_writeData_reg[1]/D
                            (rising edge-triggered cell FDRE clocked by sys_clk  {rise@0.000ns fall@5.000ns period=10.000ns})
  Path Group:             sys_clk
  Path Type:              Hold (Min at Fast Process Corner)
  Requirement:            0.000ns  (sys_clk rise@0.000ns - sys_clk rise@0.000ns)
  Data Path Delay:        0.262ns  (logic 0.141ns (53.795%)  route 0.121ns (46.205%))
  Logic Levels:           0  
  Clock Path Skew:        0.013ns (DCD - SCD - CPR)
    Destination Clock Delay (DCD):    1.947ns
    Source Clock Delay      (SCD):    1.436ns
    Clock Pessimism Removal (CPR):    0.498ns

    Location             Delay type                Incr(ns)  Path(ns)    Netlist Resource(s)
  -------------------------------------------------------------------    -------------------
                         (clock sys_clk rise edge)    0.000     0.000 r  
    W5                                                0.000     0.000 r  clk (IN)
                         net (fo=0)                   0.000     0.000    clk
    W5                   IBUF (Prop_ibuf_I_O)         0.226     0.226 r  clk_IBUF_inst/O
                         net (fo=1, routed)           0.631     0.858    clk_IBUF
    BUFGCTRL_X0Y0        BUFG (Prop_bufg_I_O)         0.026     0.884 r  clk_IBUF_BUFG_inst/O
                         net (fo=118, routed)         0.553     1.436    clk_IBUF_BUFG
    SLICE_X41Y22         FDRE                                         r  counter_reg[1]/C
  -------------------------------------------------------------------    -------------------
    SLICE_X41Y22         FDRE (Prop_fdre_C_Q)         0.141     1.577 r  counter_reg[1]/Q
                         net (fo=11, routed)          0.121     1.698    counter__0[1]
    SLICE_X40Y22         FDRE                                         r  led_writeData_reg[1]/D
  -------------------------------------------------------------------    -------------------

                         (clock sys_clk rise edge)    0.000     0.000 r  
    W5                                                0.000     0.000 r  clk (IN)
                         net (fo=0)                   0.000     0.000    clk
    W5                   IBUF (Prop_ibuf_I_O)         0.414     0.414 r  clk_IBUF_inst/O
                         net (fo=1, routed)           0.685     1.099    clk_IBUF
    BUFGCTRL_X0Y0        BUFG (Prop_bufg_I_O)         0.029     1.128 r  clk_IBUF_BUFG_inst/O
                         net (fo=118, routed)         0.820     1.947    clk_IBUF_BUFG
    SLICE_X40Y22         FDRE                                         r  led_writeData_reg[1]/C
                         clock pessimism             -0.498     1.449    
    SLICE_X40Y22         FDRE (Hold_fdre_C_D)         0.055     1.504    led_writeData_reg[1]
  -------------------------------------------------------------------
                         required time                         -1.504    
                         arrival time                           1.698    
  -------------------------------------------------------------------
                         slack                                  0.194    

Slack (MET) :             0.204ns  (arrival time - required time)
  Source:                 led_writeData_reg[3]/C
                            (rising edge-triggered cell FDRE clocked by sys_clk  {rise@0.000ns fall@5.000ns period=10.000ns})
  Destination:            u_leds/leds_reg[3]/D
                            (rising edge-triggered cell FDRE clocked by sys_clk  {rise@0.000ns fall@5.000ns period=10.000ns})
  Path Group:             sys_clk
  Path Type:              Hold (Min at Fast Process Corner)
  Requirement:            0.000ns  (sys_clk rise@0.000ns - sys_clk rise@0.000ns)
  Data Path Delay:        0.308ns  (logic 0.141ns (45.780%)  route 0.167ns (54.220%))
  Logic Levels:           0  
  Clock Path Skew:        0.034ns (DCD - SCD - CPR)
    Destination Clock Delay (DCD):    1.946ns
    Source Clock Delay      (SCD):    1.434ns
    Clock Pessimism Removal (CPR):    0.478ns

    Location             Delay type                Incr(ns)  Path(ns)    Netlist Resource(s)
  -------------------------------------------------------------------    -------------------
                         (clock sys_clk rise edge)    0.000     0.000 r  
    W5                                                0.000     0.000 r  clk (IN)
                         net (fo=0)                   0.000     0.000    clk
    W5                   IBUF (Prop_ibuf_I_O)         0.226     0.226 r  clk_IBUF_inst/O
                         net (fo=1, routed)           0.631     0.858    clk_IBUF
    BUFGCTRL_X0Y0        BUFG (Prop_bufg_I_O)         0.026     0.884 r  clk_IBUF_BUFG_inst/O
                         net (fo=118, routed)         0.551     1.434    clk_IBUF_BUFG
    SLICE_X43Y23         FDRE                                         r  led_writeData_reg[3]/C
  -------------------------------------------------------------------    -------------------
    SLICE_X43Y23         FDRE (Prop_fdre_C_Q)         0.141     1.575 r  led_writeData_reg[3]/Q
                         net (fo=1, routed)           0.167     1.742    u_leds/Q[3]
    SLICE_X44Y23         FDRE                                         r  u_leds/leds_reg[3]/D
  -------------------------------------------------------------------    -------------------

                         (clock sys_clk rise edge)    0.000     0.000 r  
    W5                                                0.000     0.000 r  clk (IN)
                         net (fo=0)                   0.000     0.000    clk
    W5                   IBUF (Prop_ibuf_I_O)         0.414     0.414 r  clk_IBUF_inst/O
                         net (fo=1, routed)           0.685     1.099    clk_IBUF
    BUFGCTRL_X0Y0        BUFG (Prop_bufg_I_O)         0.029     1.128 r  clk_IBUF_BUFG_inst/O
                         net (fo=118, routed)         0.819     1.946    u_leds/clk_IBUF_BUFG
    SLICE_X44Y23         FDRE                                         r  u_leds/leds_reg[3]/C
                         clock pessimism             -0.478     1.468    
    SLICE_X44Y23         FDRE (Hold_fdre_C_D)         0.070     1.538    u_leds/leds_reg[3]
  -------------------------------------------------------------------
                         required time                         -1.538    
                         arrival time                           1.742    
  -------------------------------------------------------------------
                         slack                                  0.204    

Slack (MET) :             0.206ns  (arrival time - required time)
  Source:                 counter_reg[11]/C
                            (rising edge-triggered cell FDRE clocked by sys_clk  {rise@0.000ns fall@5.000ns period=10.000ns})
  Destination:            led_writeData_reg[11]/D
                            (rising edge-triggered cell FDRE clocked by sys_clk  {rise@0.000ns fall@5.000ns period=10.000ns})
  Path Group:             sys_clk
  Path Type:              Hold (Min at Fast Process Corner)
  Requirement:            0.000ns  (sys_clk rise@0.000ns - sys_clk rise@0.000ns)
  Data Path Delay:        0.274ns  (logic 0.141ns (51.403%)  route 0.133ns (48.597%))
  Logic Levels:           0  
  Clock Path Skew:        0.013ns (DCD - SCD - CPR)
    Destination Clock Delay (DCD):    1.944ns
    Source Clock Delay      (SCD):    1.433ns
    Clock Pessimism Removal (CPR):    0.498ns

    Location             Delay type                Incr(ns)  Path(ns)    Netlist Resource(s)
  -------------------------------------------------------------------    -------------------
                         (clock sys_clk rise edge)    0.000     0.000 r  
    W5                                                0.000     0.000 r  clk (IN)
                         net (fo=0)                   0.000     0.000    clk
    W5                   IBUF (Prop_ibuf_I_O)         0.226     0.226 r  clk_IBUF_inst/O
                         net (fo=1, routed)           0.631     0.858    clk_IBUF
    BUFGCTRL_X0Y0        BUFG (Prop_bufg_I_O)         0.026     0.884 r  clk_IBUF_BUFG_inst/O
                         net (fo=118, routed)         0.550     1.433    clk_IBUF_BUFG
    SLICE_X41Y24         FDRE                                         r  counter_reg[11]/C
  -------------------------------------------------------------------    -------------------
    SLICE_X41Y24         FDRE (Prop_fdre_C_Q)         0.141     1.574 r  counter_reg[11]/Q
                         net (fo=4, routed)           0.133     1.707    counter__0[11]
    SLICE_X40Y24         FDRE                                         r  led_writeData_reg[11]/D
  -------------------------------------------------------------------    -------------------

                         (clock sys_clk rise edge)    0.000     0.000 r  
    W5                                                0.000     0.000 r  clk (IN)
                         net (fo=0)                   0.000     0.000    clk
    W5                   IBUF (Prop_ibuf_I_O)         0.414     0.414 r  clk_IBUF_inst/O
                         net (fo=1, routed)           0.685     1.099    clk_IBUF
    BUFGCTRL_X0Y0        BUFG (Prop_bufg_I_O)         0.029     1.128 r  clk_IBUF_BUFG_inst/O
                         net (fo=118, routed)         0.817     1.944    clk_IBUF_BUFG
    SLICE_X40Y24         FDRE                                         r  led_writeData_reg[11]/C
                         clock pessimism             -0.498     1.446    
    SLICE_X40Y24         FDRE (Hold_fdre_C_D)         0.055     1.501    led_writeData_reg[11]
  -------------------------------------------------------------------
                         required time                         -1.501    
                         arrival time                           1.707    
  -------------------------------------------------------------------
                         slack                                  0.206    

Slack (MET) :             0.211ns  (arrival time - required time)
  Source:                 led_writeData_reg[2]/C
                            (rising edge-triggered cell FDRE clocked by sys_clk  {rise@0.000ns fall@5.000ns period=10.000ns})
  Destination:            u_leds/leds_reg[2]/D
                            (rising edge-triggered cell FDRE clocked by sys_clk  {rise@0.000ns fall@5.000ns period=10.000ns})
  Path Group:             sys_clk
  Path Type:              Hold (Min at Fast Process Corner)
  Requirement:            0.000ns  (sys_clk rise@0.000ns - sys_clk rise@0.000ns)
  Data Path Delay:        0.303ns  (logic 0.164ns (54.057%)  route 0.139ns (45.943%))
  Logic Levels:           0  
  Clock Path Skew:        0.033ns (DCD - SCD - CPR)
    Destination Clock Delay (DCD):    1.944ns
    Source Clock Delay      (SCD):    1.433ns
    Clock Pessimism Removal (CPR):    0.478ns

    Location             Delay type                Incr(ns)  Path(ns)    Netlist Resource(s)
  -------------------------------------------------------------------    -------------------
                         (clock sys_clk rise edge)    0.000     0.000 r  
    W5                                                0.000     0.000 r  clk (IN)
                         net (fo=0)                   0.000     0.000    clk
    W5                   IBUF (Prop_ibuf_I_O)         0.226     0.226 r  clk_IBUF_inst/O
                         net (fo=1, routed)           0.631     0.858    clk_IBUF
    BUFGCTRL_X0Y0        BUFG (Prop_bufg_I_O)         0.026     0.884 r  clk_IBUF_BUFG_inst/O
                         net (fo=118, routed)         0.550     1.433    clk_IBUF_BUFG
    SLICE_X42Y24         FDRE                                         r  led_writeData_reg[2]/C
  -------------------------------------------------------------------    -------------------
    SLICE_X42Y24         FDRE (Prop_fdre_C_Q)         0.164     1.597 r  led_writeData_reg[2]/Q
                         net (fo=1, routed)           0.139     1.737    u_leds/Q[2]
    SLICE_X42Y25         FDRE                                         r  u_leds/leds_reg[2]/D
  -------------------------------------------------------------------    -------------------

                         (clock sys_clk rise edge)    0.000     0.000 r  
    W5                                                0.000     0.000 r  clk (IN)
                         net (fo=0)                   0.000     0.000    clk
    W5                   IBUF (Prop_ibuf_I_O)         0.414     0.414 r  clk_IBUF_inst/O
                         net (fo=1, routed)           0.685     1.099    clk_IBUF
    BUFGCTRL_X0Y0        BUFG (Prop_bufg_I_O)         0.029     1.128 r  clk_IBUF_BUFG_inst/O
                         net (fo=118, routed)         0.817     1.944    u_leds/clk_IBUF_BUFG
    SLICE_X42Y25         FDRE                                         r  u_leds/leds_reg[2]/C
                         clock pessimism             -0.478     1.466    
    SLICE_X42Y25         FDRE (Hold_fdre_C_D)         0.059     1.525    u_leds/leds_reg[2]
  -------------------------------------------------------------------
                         required time                         -1.525    
                         arrival time                           1.737    
  -------------------------------------------------------------------
                         slack                                  0.211    

Slack (MET) :             0.213ns  (arrival time - required time)
  Source:                 led_writeData_reg[4]/C
                            (rising edge-triggered cell FDRE clocked by sys_clk  {rise@0.000ns fall@5.000ns period=10.000ns})
  Destination:            u_leds/leds_reg[4]/D
                            (rising edge-triggered cell FDRE clocked by sys_clk  {rise@0.000ns fall@5.000ns period=10.000ns})
  Path Group:             sys_clk
  Path Type:              Hold (Min at Fast Process Corner)
  Requirement:            0.000ns  (sys_clk rise@0.000ns - sys_clk rise@0.000ns)
  Data Path Delay:        0.300ns  (logic 0.141ns (46.943%)  route 0.159ns (53.057%))
  Logic Levels:           0  
  Clock Path Skew:        0.017ns (DCD - SCD - CPR)
    Destination Clock Delay (DCD):    1.948ns
    Source Clock Delay      (SCD):    1.434ns
    Clock Pessimism Removal (CPR):    0.497ns

    Location             Delay type                Incr(ns)  Path(ns)    Netlist Resource(s)
  -------------------------------------------------------------------    -------------------
                         (clock sys_clk rise edge)    0.000     0.000 r  
    W5                                                0.000     0.000 r  clk (IN)
                         net (fo=0)                   0.000     0.000    clk
    W5                   IBUF (Prop_ibuf_I_O)         0.226     0.226 r  clk_IBUF_inst/O
                         net (fo=1, routed)           0.631     0.858    clk_IBUF
    BUFGCTRL_X0Y0        BUFG (Prop_bufg_I_O)         0.026     0.884 r  clk_IBUF_BUFG_inst/O
                         net (fo=118, routed)         0.551     1.434    clk_IBUF_BUFG
    SLICE_X39Y23         FDRE                                         r  led_writeData_reg[4]/C
  -------------------------------------------------------------------    -------------------
    SLICE_X39Y23         FDRE (Prop_fdre_C_Q)         0.141     1.575 r  led_writeData_reg[4]/Q
                         net (fo=1, routed)           0.159     1.734    u_leds/Q[4]
    SLICE_X37Y20         FDRE                                         r  u_leds/leds_reg[4]/D
  -------------------------------------------------------------------    -------------------

                         (clock sys_clk rise edge)    0.000     0.000 r  
    W5                                                0.000     0.000 r  clk (IN)
                         net (fo=0)                   0.000     0.000    clk
    W5                   IBUF (Prop_ibuf_I_O)         0.414     0.414 r  clk_IBUF_inst/O
                         net (fo=1, routed)           0.685     1.099    clk_IBUF
    BUFGCTRL_X0Y0        BUFG (Prop_bufg_I_O)         0.029     1.128 r  clk_IBUF_BUFG_inst/O
                         net (fo=118, routed)         0.821     1.948    u_leds/clk_IBUF_BUFG
    SLICE_X37Y20         FDRE                                         r  u_leds/leds_reg[4]/C
                         clock pessimism             -0.497     1.451    
    SLICE_X37Y20         FDRE (Hold_fdre_C_D)         0.070     1.521    u_leds/leds_reg[4]
  -------------------------------------------------------------------
                         required time                         -1.521    
                         arrival time                           1.734    
  -------------------------------------------------------------------
                         slack                                  0.213    





Pulse Width Checks
--------------------------------------------------------------------------------------
Clock Name:         sys_clk
Waveform(ns):       { 0.000 5.000 }
Period(ns):         10.000
Sources:            { clk }

Check Type        Corner  Lib Pin  Reference Pin  Required(ns)  Actual(ns)  Slack(ns)  Location       Pin
Min Period        n/a     BUFG/I   n/a            2.155         10.000      7.845      BUFGCTRL_X0Y0  clk_IBUF_BUFG_inst/I
Min Period        n/a     FDRE/C   n/a            1.000         10.000      9.000      SLICE_X39Y21   armed_reg/C
Min Period        n/a     FDRE/C   n/a            1.000         10.000      9.000      SLICE_X41Y24   counter_reg[11]/C
Min Period        n/a     FDRE/C   n/a            1.000         10.000      9.000      SLICE_X41Y24   counter_reg[12]/C
Min Period        n/a     FDRE/C   n/a            1.000         10.000      9.000      SLICE_X41Y25   counter_reg[13]/C
Min Period        n/a     FDRE/C   n/a            1.000         10.000      9.000      SLICE_X41Y25   counter_reg[14]/C
Min Period        n/a     FDRE/C   n/a            1.000         10.000      9.000      SLICE_X41Y25   counter_reg[15]/C
Min Period        n/a     FDRE/C   n/a            1.000         10.000      9.000      SLICE_X41Y22   counter_reg[1]/C
Min Period        n/a     FDRE/C   n/a            1.000         10.000      9.000      SLICE_X41Y22   counter_reg[2]/C
Min Period        n/a     FDRE/C   n/a            1.000         10.000      9.000      SLICE_X41Y22   counter_reg[3]/C
Low Pulse Width   Fast    FDRE/C   n/a            0.500         5.000       4.500      SLICE_X39Y21   armed_reg/C
Low Pulse Width   Slow    FDRE/C   n/a            0.500         5.000       4.500      SLICE_X41Y24   counter_reg[11]/C
Low Pulse Width   Fast    FDRE/C   n/a            0.500         5.000       4.500      SLICE_X41Y24   counter_reg[11]/C
Low Pulse Width   Slow    FDRE/C   n/a            0.500         5.000       4.500      SLICE_X41Y24   counter_reg[12]/C
Low Pulse Width   Fast    FDRE/C   n/a            0.500         5.000       4.500      SLICE_X41Y24   counter_reg[12]/C
Low Pulse Width   Slow    FDRE/C   n/a            0.500         5.000       4.500      SLICE_X41Y25   counter_reg[13]/C
Low Pulse Width   Fast    FDRE/C   n/a            0.500         5.000       4.500      SLICE_X41Y25   counter_reg[13]/C
Low Pulse Width   Slow    FDRE/C   n/a            0.500         5.000       4.500      SLICE_X41Y25   counter_reg[14]/C
Low Pulse Width   Fast    FDRE/C   n/a            0.500         5.000       4.500      SLICE_X41Y25   counter_reg[14]/C
Low Pulse Width   Slow    FDRE/C   n/a            0.500         5.000       4.500      SLICE_X41Y25   counter_reg[15]/C
High Pulse Width  Slow    FDRE/C   n/a            0.500         5.000       4.500      SLICE_X41Y22   counter_reg[1]/C
High Pulse Width  Slow    FDRE/C   n/a            0.500         5.000       4.500      SLICE_X41Y22   counter_reg[2]/C
High Pulse Width  Slow    FDRE/C   n/a            0.500         5.000       4.500      SLICE_X41Y22   counter_reg[3]/C
High Pulse Width  Slow    FDRE/C   n/a            0.500         5.000       4.500      SLICE_X41Y23   counter_reg[4]/C
High Pulse Width  Fast    FDRE/C   n/a            0.500         5.000       4.500      SLICE_X41Y23   counter_reg[4]/C
High Pulse Width  Slow    FDRE/C   n/a            0.500         5.000       4.500      SLICE_X41Y23   counter_reg[5]/C
High Pulse Width  Fast    FDRE/C   n/a            0.500         5.000       4.500      SLICE_X41Y23   counter_reg[5]/C
High Pulse Width  Slow    FDRE/C   n/a            0.500         5.000       4.500      SLICE_X41Y23   counter_reg[7]/C
High Pulse Width  Fast    FDRE/C   n/a            0.500         5.000       4.500      SLICE_X41Y23   counter_reg[7]/C
High Pulse Width  Slow    FDRE/C   n/a            0.500         5.000       4.500      SLICE_X41Y23   counter_reg[8]/C



